1. under: 0.5 over: 2
2. under: 0.25 over: 4
3. under: 0.125 over: 8
4. under: 0.0625 over: 16
5. under: 0.03125 over: 32
6. under: 0.015625 over: 64
7. under: 0.0078125 over: 128
8. under: 0.00390625 over: 256
9. under: 0.00195312 over: 512
10. under: 0.000976562 over: 1024
11. under: 0.000488281 over: 2048
12. under: 0.000244141 over: 4096
13. under: 0.00012207 over: 8192
14. under: 6.10352e-05 over: 16384
15. under: 3.05176e-05 over: 32768
16. under: 1.52588e-05 over: 65536
17. under: 7.62939e-06 over: 131072
18. under: 3.8147e-06 over: 262144
19. under: 1.90735e-06 over: 524288
20. under: 9.53674e-07 over: 1.04858e+06
21. under: 4.76837e-07 over: 2.09715e+06
22. under: 2.38419e-07 over: 4.1943e+06
23. under: 1.19209e-07 over: 8.38861e+06
24. under: 5.96046e-08 over: 1.67772e+07
25. under: 2.98023e-08 over: 3.35544e+07
26. under: 1.49012e-08 over: 6.71089e+07
27. under: 7.45058e-09 over: 1.34218e+08
28. under: 3.72529e-09 over: 2.68435e+08
29. under: 1.86265e-09 over: 5.36871e+08
30. under: 9.31323e-10 over: 1.07374e+09
31. under: 4.65661e-10 over: 2.14748e+09
32. under: 2.32831e-10 over: 4.29497e+09
33. under: 1.16415e-10 over: 8.58993e+09
34. under: 5.82077e-11 over: 1.71799e+10
35. under: 2.91038e-11 over: 3.43597e+10
36. under: 1.45519e-11 over: 6.87195e+10
37. under: 7.27596e-12 over: 1.37439e+11
38. under: 3.63798e-12 over: 2.74878e+11
39. under: 1.81899e-12 over: 5.49756e+11
40. under: 9.09495e-13 over: 1.09951e+12
41. under: 4.54747e-13 over: 2.19902e+12
42. under: 2.27374e-13 over: 4.39805e+12
43. under: 1.13687e-13 over: 8.79609e+12
44. under: 5.68434e-14 over: 1.75922e+13
45. under: 2.84217e-14 over: 3.51844e+13
46. under: 1.42109e-14 over: 7.03687e+13
47. under: 7.10543e-15 over: 1.40737e+14
48. under: 3.55271e-15 over: 2.81475e+14
49. under: 1.77636e-15 over: 5.6295e+14
50. under: 8.88178e-16 over: 1.1259e+15
51. under: 4.44089e-16 over: 2.2518e+15
52. under: 2.22045e-16 over: 4.5036e+15
53. under: 1.11022e-16 over: 9.0072e+15
54. under: 5.55112e-17 over: 1.80144e+16
55. under: 2.77556e-17 over: 3.60288e+16
56. under: 1.38778e-17 over: 7.20576e+16
57. under: 6.93889e-18 over: 1.44115e+17
58. under: 3.46945e-18 over: 2.8823e+17
59. under: 1.73472e-18 over: 5.76461e+17
60. under: 8.67362e-19 over: 1.15292e+18
61. under: 4.33681e-19 over: 2.30584e+18
62. under: 2.1684e-19 over: 4.61169e+18
63. under: 1.0842e-19 over: 9.22337e+18
64. under: 5.42101e-20 over: 1.84467e+19
65. under: 2.71051e-20 over: 3.68935e+19
66. under: 1.35525e-20 over: 7.3787e+19
67. under: 6.77626e-21 over: 1.47574e+20
68. under: 3.38813e-21 over: 2.95148e+20
69. under: 1.69407e-21 over: 5.90296e+20
70. under: 8.47033e-22 over: 1.18059e+21
71. under: 4.23516e-22 over: 2.36118e+21
72. under: 2.11758e-22 over: 4.72237e+21
73. under: 1.05879e-22 over: 9.44473e+21
74. under: 5.29396e-23 over: 1.88895e+22
75. under: 2.64698e-23 over: 3.77789e+22
76. under: 1.32349e-23 over: 7.55579e+22
77. under: 6.61744e-24 over: 1.51116e+23
78. under: 3.30872e-24 over: 3.02231e+23
79. under: 1.65436e-24 over: 6.04463e+23
80. under: 8.27181e-25 over: 1.20893e+24
81. under: 4.1359e-25 over: 2.41785e+24
82. under: 2.06795e-25 over: 4.8357e+24
83. under: 1.03398e-25 over: 9.67141e+24
84. under: 5.16988e-26 over: 1.93428e+25
85. under: 2.58494e-26 over: 3.86856e+25
86. under: 1.29247e-26 over: 7.73713e+25
87. under: 6.46235e-27 over: 1.54743e+26
88. under: 3.23117e-27 over: 3.09485e+26
89. under: 1.61559e-27 over: 6.1897e+26
90. under: 8.07794e-28 over: 1.23794e+27
91. under: 4.03897e-28 over: 2.47588e+27
92. under: 2.01948e-28 over: 4.95176e+27
93. under: 1.00974e-28 over: 9.90352e+27
94. under: 5.04871e-29 over: 1.9807e+28
95. under: 2.52435e-29 over: 3.96141e+28
96. under: 1.26218e-29 over: 7.92282e+28
97. under: 6.31089e-30 over: 1.58456e+29
98. under: 3.15544e-30 over: 3.16913e+29
99. under: 1.57772e-30 over: 6.33825e+29
100. under: 7.88861e-31 over: 1.26765e+30
101. under: 3.9443e-31 over: 2.5353e+30
102. under: 1.97215e-31 over: 5.0706e+30
103. under: 9.86076e-32 over: 1.01412e+31
104. under: 4.93038e-32 over: 2.02824e+31
105. under: 2.46519e-32 over: 4.05648e+31
106. under: 1.2326e-32 over: 8.11296e+31
107. under: 6.16298e-33 over: 1.62259e+32
108. under: 3.08149e-33 over: 3.24519e+32
109. under: 1.54074e-33 over: 6.49037e+32
110. under: 7.70372e-34 over: 1.29807e+33
111. under: 3.85186e-34 over: 2.59615e+33
112. under: 1.92593e-34 over: 5.1923e+33
113. under: 9.62965e-35 over: 1.03846e+34
114. under: 4.81482e-35 over: 2.07692e+34
115. under: 2.40741e-35 over: 4.15384e+34
116. under: 1.20371e-35 over: 8.30767e+34
117. under: 6.01853e-36 over: 1.66153e+35
118. under: 3.00927e-36 over: 3.32307e+35
119. under: 1.50463e-36 over: 6.64614e+35
120. under: 7.52316e-37 over: 1.32923e+36
121. under: 3.76158e-37 over: 2.65846e+36
122. under: 1.88079e-37 over: 5.31691e+36
123. under: 9.40395e-38 over: 1.06338e+37
124. under: 4.70198e-38 over: 2.12676e+37
125. under: 2.35099e-38 over: 4.25353e+37
126. under: 1.17549e-38 over: 8.50706e+37
127. under: 5.87747e-39 over: 1.70141e+38
128. under: 2.93874e-39 over: 3.40282e+38
129. under: 1.46937e-39 over: 6.80565e+38
130. under: 7.34684e-40 over: 1.36113e+39
131. under: 3.67342e-40 over: 2.72226e+39
132. under: 1.83671e-40 over: 5.44452e+39
133. under: 9.18355e-41 over: 1.0889e+40
134. under: 4.59177e-41 over: 2.17781e+40
135. under: 2.29589e-41 over: 4.35561e+40
136. under: 1.14794e-41 over: 8.71123e+40
137. under: 5.73972e-42 over: 1.74225e+41
138. under: 2.86986e-42 over: 3.48449e+41
139. under: 1.43493e-42 over: 6.96898e+41
140. under: 7.17465e-43 over: 1.3938e+42
141. under: 3.58732e-43 over: 2.78759e+42
142. under: 1.79366e-43 over: 5.57519e+42
143. under: 8.96831e-44 over: 1.11504e+43
144. under: 4.48416e-44 over: 2.23007e+43
145. under: 2.24208e-44 over: 4.46015e+43
146. under: 1.12104e-44 over: 8.9203e+43
147. under: 5.60519e-45 over: 1.78406e+44
148. under: 2.8026e-45 over: 3.56812e+44
149. under: 1.4013e-45 over: 7.13624e+44
150. under: 7.00649e-46 over: 1.42725e+45
151. under: 3.50325e-46 over: 2.8545e+45
152. under: 1.75162e-46 over: 5.70899e+45
153. under: 8.75812e-47 over: 1.1418e+46
154. under: 4.37906e-47 over: 2.2836e+46
155. under: 2.18953e-47 over: 4.56719e+46
156. under: 1.09476e-47 over: 9.13439e+46
157. under: 5.47382e-48 over: 1.82688e+47
158. under: 2.73691e-48 over: 3.65375e+47
159. under: 1.36846e-48 over: 7.30751e+47
160. under: 6.84228e-49 over: 1.4615e+48
161. under: 3.42114e-49 over: 2.923e+48
162. under: 1.71057e-49 over: 5.84601e+48
163. under: 8.55285e-50 over: 1.1692e+49
164. under: 4.27642e-50 over: 2.3384e+49
165. under: 2.13821e-50 over: 4.67681e+49
166. under: 1.06911e-50 over: 9.35361e+49
167. under: 5.34553e-51 over: 1.87072e+50
168. under: 2.67276e-51 over: 3.74144e+50
169. under: 1.33638e-51 over: 7.48289e+50
170. under: 6.68191e-52 over: 1.49658e+51
171. under: 3.34096e-52 over: 2.99316e+51
172. under: 1.67048e-52 over: 5.98631e+51
173. under: 8.35239e-53 over: 1.19726e+52
174. under: 4.17619e-53 over: 2.39452e+52
175. under: 2.0881e-53 over: 4.78905e+52
176. under: 1.04405e-53 over: 9.5781e+52
177. under: 5.22024e-54 over: 1.91562e+53
178. under: 2.61012e-54 over: 3.83124e+53
179. under: 1.30506e-54 over: 7.66248e+53
180. under: 6.5253e-55 over: 1.5325e+54
181. under: 3.26265e-55 over: 3.06499e+54
182. under: 1.63133e-55 over: 6.12998e+54
183. under: 8.15663e-56 over: 1.226e+55
184. under: 4.07832e-56 over: 2.45199e+55
185. under: 2.03916e-56 over: 4.90399e+55
186. under: 1.01958e-56 over: 9.80797e+55
187. under: 5.09789e-57 over: 1.96159e+56
188. under: 2.54895e-57 over: 3.92319e+56
189. under: 1.27447e-57 over: 7.84638e+56
190. under: 6.37237e-58 over: 1.56928e+57
191. under: 3.18618e-58 over: 3.13855e+57
192. under: 1.59309e-58 over: 6.2771e+57
193. under: 7.96546e-59 over: 1.25542e+58
194. under: 3.98273e-59 over: 2.51084e+58
195. under: 1.99136e-59 over: 5.02168e+58
196. under: 9.95682e-60 over: 1.00434e+59
197. under: 4.97841e-60 over: 2.00867e+59
198. under: 2.48921e-60 over: 4.01735e+59
199. under: 1.2446e-60 over: 8.03469e+59
200. under: 6.22302e-61 over: 1.60694e+60
201. under: 3.11151e-61 over: 3.21388e+60
202. under: 1.55575e-61 over: 6.42775e+60
203. under: 7.77877e-62 over: 1.28555e+61
204. under: 3.88938e-62 over: 2.5711e+61
205. under: 1.94469e-62 over: 5.1422e+61
206. under: 9.72346e-63 over: 1.02844e+62
207. under: 4.86173e-63 over: 2.05688e+62
208. under: 2.43087e-63 over: 4.11376e+62
209. under: 1.21543e-63 over: 8.22752e+62
210. under: 6.07716e-64 over: 1.6455e+63
211. under: 3.03858e-64 over: 3.29101e+63
212. under: 1.51929e-64 over: 6.58202e+63
213. under: 7.59645e-65 over: 1.3164e+64
214. under: 3.79823e-65 over: 2.63281e+64
215. under: 1.89911e-65 over: 5.26561e+64
216. under: 9.49557e-66 over: 1.05312e+65
217. under: 4.74778e-66 over: 2.10625e+65
218. under: 2.37389e-66 over: 4.21249e+65
219. under: 1.18695e-66 over: 8.42498e+65
220. under: 5.93473e-67 over: 1.685e+66
221. under: 2.96736e-67 over: 3.36999e+66
222. under: 1.48368e-67 over: 6.73999e+66
223. under: 7.41841e-68 over: 1.348e+67
224. under: 3.70921e-68 over: 2.69599e+67
225. under: 1.8546e-68 over: 5.39199e+67
226. under: 9.27302e-69 over: 1.0784e+68
227. under: 4.63651e-69 over: 2.1568e+68
228. under: 2.31825e-69 over: 4.31359e+68
229. under: 1.15913e-69 over: 8.62718e+68
230. under: 5.79563e-70 over: 1.72544e+69
231. under: 2.89782e-70 over: 3.45087e+69
232. under: 1.44891e-70 over: 6.90175e+69
233. under: 7.24454e-71 over: 1.38035e+70
234. under: 3.62227e-71 over: 2.7607e+70
235. under: 1.81114e-71 over: 5.5214e+70
236. under: 9.05568e-72 over: 1.10428e+71
237. under: 4.52784e-72 over: 2.20856e+71
238. under: 2.26392e-72 over: 4.41712e+71
239. under: 1.13196e-72 over: 8.83424e+71
240. under: 5.6598e-73 over: 1.76685e+72
241. under: 2.8299e-73 over: 3.53369e+72
242. under: 1.41495e-73 over: 7.06739e+72
243. under: 7.07475e-74 over: 1.41348e+73
244. under: 3.53737e-74 over: 2.82696e+73
245. under: 1.76869e-74 over: 5.65391e+73
246. under: 8.84344e-75 over: 1.13078e+74
247. under: 4.42172e-75 over: 2.26156e+74
248. under: 2.21086e-75 over: 4.52313e+74
249. under: 1.10543e-75 over: 9.04626e+74
250. under: 5.52715e-76 over: 1.80925e+75
251. under: 2.76357e-76 over: 3.6185e+75
252. under: 1.38179e-76 over: 7.23701e+75
253. under: 6.90893e-77 over: 1.4474e+76
254. under: 3.45447e-77 over: 2.8948e+76
255. under: 1.72723e-77 over: 5.7896e+76
256. under: 8.63617e-78 over: 1.15792e+77
257. under: 4.31808e-78 over: 2.31584e+77
258. under: 2.15904e-78 over: 4.63168e+77
259. under: 1.07952e-78 over: 9.26337e+77
260. under: 5.39761e-79 over: 1.85267e+78
261. under: 2.6988e-79 over: 3.70535e+78
262. under: 1.3494e-79 over: 7.41069e+78
263. under: 6.74701e-80 over: 1.48214e+79
264. under: 3.3735e-80 over: 2.96428e+79
265. under: 1.68675e-80 over: 5.92855e+79
266. under: 8.43376e-81 over: 1.18571e+80
267. under: 4.21688e-81 over: 2.37142e+80
268. under: 2.10844e-81 over: 4.74284e+80
269. under: 1.05422e-81 over: 9.48569e+80
270. under: 5.2711e-82 over: 1.89714e+81
271. under: 2.63555e-82 over: 3.79428e+81
272. under: 1.31777e-82 over: 7.58855e+81
273. under: 6.58887e-83 over: 1.51771e+82
274. under: 3.29444e-83 over: 3.03542e+82
275. under: 1.64722e-83 over: 6.07084e+82
276. under: 8.23609e-84 over: 1.21417e+83
277. under: 4.11805e-84 over: 2.42834e+83
278. under: 2.05902e-84 over: 4.85667e+83
279. under: 1.02951e-84 over: 9.71334e+83
280. under: 5.14756e-85 over: 1.94267e+84
281. under: 2.57378e-85 over: 3.88534e+84
282. under: 1.28689e-85 over: 7.77068e+84
283. under: 6.43445e-86 over: 1.55414e+85
284. under: 3.21722e-86 over: 3.10827e+85
285. under: 1.60861e-86 over: 6.21654e+85
286. under: 8.04306e-87 over: 1.24331e+86
287. under: 4.02153e-87 over: 2.48662e+86
288. under: 2.01076e-87 over: 4.97323e+86
289. under: 1.00538e-87 over: 9.94646e+86
290. under: 5.02691e-88 over: 1.98929e+87
291. under: 2.51346e-88 over: 3.97859e+87
292. under: 1.25673e-88 over: 7.95717e+87
293. under: 6.28364e-89 over: 1.59143e+88
294. under: 3.14182e-89 over: 3.18287e+88
295. under: 1.57091e-89 over: 6.36574e+88
296. under: 7.85455e-90 over: 1.27315e+89
297. under: 3.92727e-90 over: 2.54629e+89
298. under: 1.96364e-90 over: 5.09259e+89
299. under: 9.81819e-91 over: 1.01852e+90
300. under: 4.90909e-91 over: 2.03704e+90
301. under: 2.45455e-91 over: 4.07407e+90
302. under: 1.22727e-91 over: 8.14814e+90
303. under: 6.13637e-92 over: 1.62963e+91
304. under: 3.06818e-92 over: 3.25926e+91
305. under: 1.53409e-92 over: 6.51852e+91
306. under: 7.67046e-93 over: 1.3037e+92
307. under: 3.83523e-93 over: 2.60741e+92
308. under: 1.91761e-93 over: 5.21481e+92
309. under: 9.58807e-94 over: 1.04296e+93
310. under: 4.79404e-94 over: 2.08592e+93
311. under: 2.39702e-94 over: 4.17185e+93
312. under: 1.19851e-94 over: 8.3437e+93
313. under: 5.99255e-95 over: 1.66874e+94
314. under: 2.99627e-95 over: 3.33748e+94
315. under: 1.49814e-95 over: 6.67496e+94
316. under: 7.49068e-96 over: 1.33499e+95
317. under: 3.74534e-96 over: 2.66998e+95
318. under: 1.87267e-96 over: 5.33997e+95
319. under: 9.36335e-97 over: 1.06799e+96
320. under: 4.68168e-97 over: 2.13599e+96
321. under: 2.34084e-97 over: 4.27197e+96
322. under: 1.17042e-97 over: 8.54395e+96
323. under: 5.8521e-98 over: 1.70879e+97
324. under: 2.92605e-98 over: 3.41758e+97
325. under: 1.46302e-98 over: 6.83516e+97
326. under: 7.31512e-99 over: 1.36703e+98
327. under: 3.65756e-99 over: 2.73406e+98
328. under: 1.82878e-99 over: 5.46813e+98
329. under: 9.1439e-100 over: 1.09363e+99
330. under: 4.57195e-100 over: 2.18725e+99
331. under: 2.28597e-100 over: 4.3745e+99
332. under: 1.14299e-100 over: 8.749e+99
333. under: 5.71494e-101 over: 1.7498e+100
334. under: 2.85747e-101 over: 3.4996e+100
335. under: 1.42873e-101 over: 6.9992e+100
336. under: 7.14367e-102 over: 1.39984e+101
337. under: 3.57184e-102 over: 2.79968e+101
338. under: 1.78592e-102 over: 5.59936e+101
339. under: 8.92959e-103 over: 1.11987e+102
340. under: 4.46479e-103 over: 2.23974e+102
341. under: 2.2324e-103 over: 4.47949e+102
342. under: 1.1162e-103 over: 8.95898e+102
343. under: 5.58099e-104 over: 1.7918e+103
344. under: 2.7905e-104 over: 3.58359e+103
345. under: 1.39525e-104 over: 7.16718e+103
346. under: 6.97624e-105 over: 1.43344e+104
347. under: 3.48812e-105 over: 2.86687e+104
348. under: 1.74406e-105 over: 5.73375e+104
349. under: 8.7203e-106 over: 1.14675e+105
350. under: 4.36015e-106 over: 2.2935e+105
351. under: 2.18008e-106 over: 4.587e+105
352. under: 1.09004e-106 over: 9.17399e+105
353. under: 5.45019e-107 over: 1.8348e+106
354. under: 2.72509e-107 over: 3.6696e+106
355. under: 1.36255e-107 over: 7.3392e+106
356. under: 6.81274e-108 over: 1.46784e+107
357. under: 3.40637e-108 over: 2.93568e+107
358. under: 1.70318e-108 over: 5.87136e+107
359. under: 8.51592e-109 over: 1.17427e+108
360. under: 4.25796e-109 over: 2.34854e+108
361. under: 2.12898e-109 over: 4.69709e+108
362. under: 1.06449e-109 over: 9.39417e+108
363. under: 5.32245e-110 over: 1.87883e+109
364. under: 2.66122e-110 over: 3.75767e+109
365. under: 1.33061e-110 over: 7.51534e+109
366. under: 6.65306e-111 over: 1.50307e+110
367. under: 3.32653e-111 over: 3.00613e+110
368. under: 1.66327e-111 over: 6.01227e+110
369. under: 8.31633e-112 over: 1.20245e+111
370. under: 4.15816e-112 over: 2.40491e+111
371. under: 2.07908e-112 over: 4.80982e+111
372. under: 1.03954e-112 over: 9.61963e+111
373. under: 5.1977e-113 over: 1.92393e+112
374. under: 2.59885e-113 over: 3.84785e+112
375. under: 1.29943e-113 over: 7.6957e+112
376. under: 6.49713e-114 over: 1.53914e+113
377. under: 3.24857e-114 over: 3.07828e+113
378. under: 1.62428e-114 over: 6.15656e+113
379. under: 8.12141e-115 over: 1.23131e+114
380. under: 4.06071e-115 over: 2.46263e+114
381. under: 2.03035e-115 over: 4.92525e+114
382. under: 1.01518e-115 over: 9.8505e+114
383. under: 5.07588e-116 over: 1.9701e+115
384. under: 2.53794e-116 over: 3.9402e+115
385. under: 1.26897e-116 over: 7.8804e+115
386. under: 6.34485e-117 over: 1.57608e+116
387. under: 3.17243e-117 over: 3.15216e+116
388. under: 1.58621e-117 over: 6.30432e+116
389. under: 7.93107e-118 over: 1.26086e+117
390. under: 3.96553e-118 over: 2.52173e+117
391. under: 1.98277e-118 over: 5.04346e+117
392. under: 9.91384e-119 over: 1.00869e+118
393. under: 4.95692e-119 over: 2.01738e+118
394. under: 2.47846e-119 over: 4.03477e+118
395. under: 1.23923e-119 over: 8.06953e+118
396. under: 6.19615e-120 over: 1.61391e+119
397. under: 3.09807e-120 over: 3.22781e+119
398. under: 1.54904e-120 over: 6.45562e+119
399. under: 7.74518e-121 over: 1.29112e+120
400. under: 3.87259e-121 over: 2.58225e+120
401. under: 1.9363e-121 over: 5.1645e+120
402. under: 9.68148e-122 over: 1.0329e+121
403. under: 4.84074e-122 over: 2.0658e+121
404. under: 2.42037e-122 over: 4.1316e+121
405. under: 1.21018e-122 over: 8.2632e+121
406. under: 6.05092e-123 over: 1.65264e+122
407. under: 3.02546e-123 over: 3.30528e+122
408. under: 1.51273e-123 over: 6.61056e+122
409. under: 7.56366e-124 over: 1.32211e+123
410. under: 3.78183e-124 over: 2.64422e+123
411. under: 1.89091e-124 over: 5.28845e+123
412. under: 9.45457e-125 over: 1.05769e+124
413. under: 4.72729e-125 over: 2.11538e+124
414. under: 2.36364e-125 over: 4.23076e+124
415. under: 1.18182e-125 over: 8.46152e+124
416. under: 5.90911e-126 over: 1.6923e+125
417. under: 2.95455e-126 over: 3.38461e+125
418. under: 1.47728e-126 over: 6.76921e+125
419. under: 7.38638e-127 over: 1.35384e+126
420. under: 3.69319e-127 over: 2.70769e+126
421. under: 1.8466e-127 over: 5.41537e+126
422. under: 9.23298e-128 over: 1.08307e+127
423. under: 4.61649e-128 over: 2.16615e+127
424. under: 2.30824e-128 over: 4.3323e+127
425. under: 1.15412e-128 over: 8.66459e+127
426. under: 5.77061e-129 over: 1.73292e+128
427. under: 2.88531e-129 over: 3.46584e+128
428. under: 1.44265e-129 over: 6.93167e+128
429. under: 7.21326e-130 over: 1.38633e+129
430. under: 3.60663e-130 over: 2.77267e+129
431. under: 1.80332e-130 over: 5.54534e+129
432. under: 9.01658e-131 over: 1.10907e+130
433. under: 4.50829e-131 over: 2.21814e+130
434. under: 2.25415e-131 over: 4.43627e+130
435. under: 1.12707e-131 over: 8.87254e+130
436. under: 5.63536e-132 over: 1.77451e+131
437. under: 2.81768e-132 over: 3.54902e+131
438. under: 1.40884e-132 over: 7.09803e+131
439. under: 7.0442e-133 over: 1.41961e+132
440. under: 3.5221e-133 over: 2.83921e+132
441. under: 1.76105e-133 over: 5.67843e+132
442. under: 8.80525e-134 over: 1.13569e+133
443. under: 4.40263e-134 over: 2.27137e+133
444. under: 2.20131e-134 over: 4.54274e+133
445. under: 1.10066e-134 over: 9.08548e+133
446. under: 5.50328e-135 over: 1.8171e+134
447. under: 2.75164e-135 over: 3.63419e+134
448. under: 1.37582e-135 over: 7.26839e+134
449. under: 6.87911e-136 over: 1.45368e+135
450. under: 3.43955e-136 over: 2.90735e+135
451. under: 1.71978e-136 over: 5.81471e+135
452. under: 8.59888e-137 over: 1.16294e+136
453. under: 4.29944e-137 over: 2.32588e+136
454. under: 2.14972e-137 over: 4.65177e+136
455. under: 1.07486e-137 over: 9.30354e+136
456. under: 5.3743e-138 over: 1.86071e+137
457. under: 2.68715e-138 over: 3.72141e+137
458. under: 1.34358e-138 over: 7.44283e+137
459. under: 6.71788e-139 over: 1.48857e+138
460. under: 3.35894e-139 over: 2.97713e+138
461. under: 1.67947e-139 over: 5.95426e+138
462. under: 8.39735e-140 over: 1.19085e+139
463. under: 4.19867e-140 over: 2.38171e+139
464. under: 2.09934e-140 over: 4.76341e+139
465. under: 1.04967e-140 over: 9.52682e+139
466. under: 5.24834e-141 over: 1.90536e+140
467. under: 2.62417e-141 over: 3.81073e+140
468. under: 1.31209e-141 over: 7.62146e+140
469. under: 6.56043e-142 over: 1.52429e+141
470. under: 3.28021e-142 over: 3.04858e+141
471. under: 1.64011e-142 over: 6.09717e+141
472. under: 8.20053e-143 over: 1.21943e+142
473. under: 4.10027e-143 over: 2.43887e+142
474. under: 2.05013e-143 over: 4.87773e+142
475. under: 1.02507e-143 over: 9.75546e+142
476. under: 5.12533e-144 over: 1.95109e+143
477. under: 2.56267e-144 over: 3.90219e+143
478. under: 1.28133e-144 over: 7.80437e+143
479. under: 6.40667e-145 over: 1.56087e+144
480. under: 3.20333e-145 over: 3.12175e+144
481. under: 1.60167e-145 over: 6.2435e+144
482. under: 8.00833e-146 over: 1.2487e+145
483. under: 4.00417e-146 over: 2.4974e+145
484. under: 2.00208e-146 over: 4.9948e+145
485. under: 1.00104e-146 over: 9.9896e+145
486. under: 5.00521e-147 over: 1.99792e+146
487. under: 2.5026e-147 over: 3.99584e+146
488. under: 1.2513e-147 over: 7.99168e+146
489. under: 6.25651e-148 over: 1.59834e+147
490. under: 3.12825e-148 over: 3.19667e+147
491. under: 1.56413e-148 over: 6.39334e+147
492. under: 7.82064e-149 over: 1.27867e+148
493. under: 3.91032e-149 over: 2.55734e+148
494. under: 1.95516e-149 over: 5.11467e+148
495. under: 9.7758e-150 over: 1.02293e+149
496. under: 4.8879e-150 over: 2.04587e+149
497. under: 2.44395e-150 over: 4.09174e+149
498. under: 1.22197e-150 over: 8.18348e+149
499. under: 6.10987e-151 over: 1.6367e+150
500. under: 3.05494e-151 over: 3.27339e+150
501. under: 1.52747e-151 over: 6.54678e+150
502. under: 7.63734e-152 over: 1.30936e+151
503. under: 3.81867e-152 over: 2.61871e+151
504. under: 1.90934e-152 over: 5.23742e+151
505. under: 9.54668e-153 over: 1.04748e+152
506. under: 4.77334e-153 over: 2.09497e+152
507. under: 2.38667e-153 over: 4.18994e+152
508. under: 1.19333e-153 over: 8.37988e+152
509. under: 5.96667e-154 over: 1.67598e+153
510. under: 2.98334e-154 over: 3.35195e+153
511. under: 1.49167e-154 over: 6.7039e+153
512. under: 7.45834e-155 over: 1.34078e+154
513. under: 3.72917e-155 over: 2.68156e+154
514. under: 1.86459e-155 over: 5.36312e+154
515. under: 9.32293e-156 over: 1.07262e+155
516. under: 4.66146e-156 over: 2.14525e+155
517. under: 2.33073e-156 over: 4.2905e+155
518. under: 1.16537e-156 over: 8.581e+155
519. under: 5.82683e-157 over: 1.7162e+156
520. under: 2.91341e-157 over: 3.4324e+156
521. under: 1.45671e-157 over: 6.8648e+156
522. under: 7.28354e-158 over: 1.37296e+157
523. under: 3.64177e-158 over: 2.74592e+157
524. under: 1.82088e-158 over: 5.49184e+157
525. under: 9.10442e-159 over: 1.09837e+158
526. under: 4.55221e-159 over: 2.19674e+158
527. under: 2.2761e-159 over: 4.39347e+158
528. under: 1.13805e-159 over: 8.78694e+158
529. under: 5.69026e-160 over: 1.75739e+159
530. under: 2.84513e-160 over: 3.51478e+159
531. under: 1.42257e-160 over: 7.02955e+159
532. under: 7.11283e-161 over: 1.40591e+160
533. under: 3.55641e-161 over: 2.81182e+160
534. under: 1.77821e-161 over: 5.62364e+160
535. under: 8.89103e-162 over: 1.12473e+161
536. under: 4.44552e-162 over: 2.24946e+161
537. under: 2.22276e-162 over: 4.49891e+161
538. under: 1.11138e-162 over: 8.99783e+161
539. under: 5.5569e-163 over: 1.79957e+162
540. under: 2.77845e-163 over: 3.59913e+162
541. under: 1.38922e-163 over: 7.19826e+162
542. under: 6.94612e-164 over: 1.43965e+163
543. under: 3.47306e-164 over: 2.8793e+163
544. under: 1.73653e-164 over: 5.75861e+163
545. under: 8.68265e-165 over: 1.15172e+164
546. under: 4.34133e-165 over: 2.30344e+164
547. under: 2.17066e-165 over: 4.60689e+164
548. under: 1.08533e-165 over: 9.21378e+164
549. under: 5.42666e-166 over: 1.84276e+165
550. under: 2.71333e-166 over: 3.68551e+165
551. under: 1.35666e-166 over: 7.37102e+165
552. under: 6.78332e-167 over: 1.4742e+166
553. under: 3.39166e-167 over: 2.94841e+166
554. under: 1.69583e-167 over: 5.89682e+166
555. under: 8.47915e-168 over: 1.17936e+167
556. under: 4.23958e-168 over: 2.35873e+167
557. under: 2.11979e-168 over: 4.71745e+167
558. under: 1.05989e-168 over: 9.43491e+167
559. under: 5.29947e-169 over: 1.88698e+168
560. under: 2.64973e-169 over: 3.77396e+168
561. under: 1.32487e-169 over: 7.54792e+168
562. under: 6.62434e-170 over: 1.50958e+169
563. under: 3.31217e-170 over: 3.01917e+169
564. under: 1.65608e-170 over: 6.03834e+169
565. under: 8.28042e-171 over: 1.20767e+170
566. under: 4.14021e-171 over: 2.41534e+170
567. under: 2.07011e-171 over: 4.83067e+170
568. under: 1.03505e-171 over: 9.66134e+170
569. under: 5.17526e-172 over: 1.93227e+171
570. under: 2.58763e-172 over: 3.86454e+171
571. under: 1.29382e-172 over: 7.72908e+171
572. under: 6.46908e-173 over: 1.54582e+172
573. under: 3.23454e-173 over: 3.09163e+172
574. under: 1.61727e-173 over: 6.18326e+172
575. under: 8.08635e-174 over: 1.23665e+173
576. under: 4.04317e-174 over: 2.4733e+173
577. under: 2.02159e-174 over: 4.94661e+173
578. under: 1.01079e-174 over: 9.89322e+173
579. under: 5.05397e-175 over: 1.97864e+174
580. under: 2.52698e-175 over: 3.95729e+174
581. under: 1.26349e-175 over: 7.91457e+174
582. under: 6.31746e-176 over: 1.58291e+175
583. under: 3.15873e-176 over: 3.16583e+175
584. under: 1.57937e-176 over: 6.33166e+175
585. under: 7.89683e-177 over: 1.26633e+176
586. under: 3.94841e-177 over: 2.53266e+176
587. under: 1.97421e-177 over: 5.06533e+176
588. under: 9.87103e-178 over: 1.01307e+177
589. under: 4.93552e-178 over: 2.02613e+177
590. under: 2.46776e-178 over: 4.05226e+177
591. under: 1.23388e-178 over: 8.10452e+177
592. under: 6.16939e-179 over: 1.6209e+178
593. under: 3.0847e-179 over: 3.24181e+178
594. under: 1.54235e-179 over: 6.48362e+178
595. under: 7.71174e-180 over: 1.29672e+179
596. under: 3.85587e-180 over: 2.59345e+179
597. under: 1.92794e-180 over: 5.18689e+179
598. under: 9.63968e-181 over: 1.03738e+180
599. under: 4.81984e-181 over: 2.07476e+180
600. under: 2.40992e-181 over: 4.14952e+180
601. under: 1.20496e-181 over: 8.29903e+180
602. under: 6.0248e-182 over: 1.65981e+181
603. under: 3.0124e-182 over: 3.31961e+181
604. under: 1.5062e-182 over: 6.63922e+181
605. under: 7.531e-183 over: 1.32784e+182
606. under: 3.7655e-183 over: 2.65569e+182
607. under: 1.88275e-183 over: 5.31138e+182
608. under: 9.41375e-184 over: 1.06228e+183
609. under: 4.70687e-184 over: 2.12455e+183
610. under: 2.35344e-184 over: 4.2491e+183
611. under: 1.17672e-184 over: 8.49821e+183
612. under: 5.88359e-185 over: 1.69964e+184
613. under: 2.9418e-185 over: 3.39928e+184
614. under: 1.4709e-185 over: 6.79857e+184
615. under: 7.35449e-186 over: 1.35971e+185
616. under: 3.67725e-186 over: 2.71943e+185
617. under: 1.83862e-186 over: 5.43885e+185
618. under: 9.19311e-187 over: 1.08777e+186
619. under: 4.59656e-187 over: 2.17554e+186
620. under: 2.29828e-187 over: 4.35108e+186
621. under: 1.14914e-187 over: 8.70216e+186
622. under: 5.7457e-188 over: 1.74043e+187
623. under: 2.87285e-188 over: 3.48087e+187
624. under: 1.43642e-188 over: 6.96173e+187
625. under: 7.18212e-189 over: 1.39235e+188
626. under: 3.59106e-189 over: 2.78469e+188
627. under: 1.79553e-189 over: 5.56939e+188
628. under: 8.97765e-190 over: 1.11388e+189
629. under: 4.48883e-190 over: 2.22775e+189
630. under: 2.24441e-190 over: 4.45551e+189
631. under: 1.12221e-190 over: 8.91102e+189
632. under: 5.61103e-191 over: 1.7822e+190
633. under: 2.80552e-191 over: 3.56441e+190
634. under: 1.40276e-191 over: 7.12881e+190
635. under: 7.01379e-192 over: 1.42576e+191
636. under: 3.50689e-192 over: 2.85153e+191
637. under: 1.75345e-192 over: 5.70305e+191
638. under: 8.76724e-193 over: 1.14061e+192
639. under: 4.38362e-193 over: 2.28122e+192
640. under: 2.19181e-193 over: 4.56244e+192
641. under: 1.0959e-193 over: 9.12488e+192
642. under: 5.47952e-194 over: 1.82498e+193
643. under: 2.73976e-194 over: 3.64995e+193
644. under: 1.36988e-194 over: 7.2999e+193
645. under: 6.8494e-195 over: 1.45998e+194
646. under: 3.4247e-195 over: 2.91996e+194
647. under: 1.71235e-195 over: 5.83992e+194
648. under: 8.56176e-196 over: 1.16798e+195
649. under: 4.28088e-196 over: 2.33597e+195
650. under: 2.14044e-196 over: 4.67194e+195
651. under: 1.07022e-196 over: 9.34388e+195
652. under: 5.3511e-197 over: 1.86878e+196
653. under: 2.67555e-197 over: 3.73755e+196
654. under: 1.33777e-197 over: 7.4751e+196
655. under: 6.68887e-198 over: 1.49502e+197
656. under: 3.34444e-198 over: 2.99004e+197
657. under: 1.67222e-198 over: 5.98008e+197
658. under: 8.36109e-199 over: 1.19602e+198
659. under: 4.18054e-199 over: 2.39203e+198
660. under: 2.09027e-199 over: 4.78407e+198
661. under: 1.04514e-199 over: 9.56813e+198
662. under: 5.22568e-200 over: 1.91363e+199
663. under: 2.61284e-200 over: 3.82725e+199
664. under: 1.30642e-200 over: 7.65451e+199
665. under: 6.5321e-201 over: 1.5309e+200
666. under: 3.26605e-201 over: 3.0618e+200
667. under: 1.63303e-201 over: 6.1236e+200
668. under: 8.16513e-202 over: 1.22472e+201
669. under: 4.08256e-202 over: 2.44944e+201
670. under: 2.04128e-202 over: 4.89888e+201
671. under: 1.02064e-202 over: 9.79777e+201
672. under: 5.1032e-203 over: 1.95955e+202
673. under: 2.5516e-203 over: 3.91911e+202
674. under: 1.2758e-203 over: 7.83821e+202
675. under: 6.379e-204 over: 1.56764e+203
676. under: 3.1895e-204 over: 3.13529e+203
677. under: 1.59475e-204 over: 6.27057e+203
678. under: 7.97376e-205 over: 1.25411e+204
679. under: 3.98688e-205 over: 2.50823e+204
680. under: 1.99344e-205 over: 5.01646e+204
681. under: 9.96719e-206 over: 1.00329e+205
682. under: 4.9836e-206 over: 2.00658e+205
683. under: 2.4918e-206 over: 4.01317e+205
684. under: 1.2459e-206 over: 8.02633e+205
685. under: 6.2295e-207 over: 1.60527e+206
686. under: 3.11475e-207 over: 3.21053e+206
687. under: 1.55737e-207 over: 6.42106e+206
688. under: 7.78687e-208 over: 1.28421e+207
689. under: 3.89344e-208 over: 2.56843e+207
690. under: 1.94672e-208 over: 5.13685e+207
691. under: 9.73359e-209 over: 1.02737e+208
692. under: 4.86679e-209 over: 2.05474e+208
693. under: 2.4334e-209 over: 4.10948e+208
694. under: 1.2167e-209 over: 8.21896e+208
695. under: 6.08349e-210 over: 1.64379e+209
696. under: 3.04175e-210 over: 3.28758e+209
697. under: 1.52087e-210 over: 6.57517e+209
698. under: 7.60437e-211 over: 1.31503e+210
699. under: 3.80218e-211 over: 2.63007e+210
700. under: 1.90109e-211 over: 5.26014e+210
701. under: 9.50546e-212 over: 1.05203e+211
702. under: 4.75273e-212 over: 2.10405e+211
703. under: 2.37636e-212 over: 4.20811e+211
704. under: 1.18818e-212 over: 8.41622e+211
705. under: 5.94091e-213 over: 1.68324e+212
706. under: 2.97046e-213 over: 3.36649e+212
707. under: 1.48523e-213 over: 6.73297e+212
708. under: 7.42614e-214 over: 1.34659e+213
709. under: 3.71307e-214 over: 2.69319e+213
710. under: 1.85653e-214 over: 5.38638e+213
711. under: 9.28267e-215 over: 1.07728e+214
712. under: 4.64134e-215 over: 2.15455e+214
713. under: 2.32067e-215 over: 4.3091e+214
714. under: 1.16033e-215 over: 8.61821e+214
715. under: 5.80167e-216 over: 1.72364e+215
716. under: 2.90084e-216 over: 3.44728e+215
717. under: 1.45042e-216 over: 6.89457e+215
718. under: 7.25209e-217 over: 1.37891e+216
719. under: 3.62604e-217 over: 2.75783e+216
720. under: 1.81302e-217 over: 5.51565e+216
721. under: 9.06511e-218 over: 1.10313e+217
722. under: 4.53256e-218 over: 2.20626e+217
723. under: 2.26628e-218 over: 4.41252e+217
724. under: 1.13314e-218 over: 8.82504e+217
725. under: 5.66569e-219 over: 1.76501e+218
726. under: 2.83285e-219 over: 3.53002e+218
727. under: 1.41642e-219 over: 7.06003e+218
728. under: 7.08212e-220 over: 1.41201e+219
729. under: 3.54106e-220 over: 2.82401e+219
730. under: 1.77053e-220 over: 5.64803e+219
731. under: 8.85265e-221 over: 1.12961e+220
732. under: 4.42632e-221 over: 2.25921e+220
733. under: 2.21316e-221 over: 4.51842e+220
734. under: 1.10658e-221 over: 9.03684e+220
735. under: 5.5329e-222 over: 1.80737e+221
736. under: 2.76645e-222 over: 3.61474e+221
737. under: 1.38323e-222 over: 7.22948e+221
738. under: 6.91613e-223 over: 1.4459e+222
739. under: 3.45807e-223 over: 2.89179e+222
740. under: 1.72903e-223 over: 5.78358e+222
741. under: 8.64516e-224 over: 1.15672e+223
742. under: 4.32258e-224 over: 2.31343e+223
743. under: 2.16129e-224 over: 4.62686e+223
744. under: 1.08065e-224 over: 9.25373e+223
745. under: 5.40323e-225 over: 1.85075e+224
746. under: 2.70161e-225 over: 3.70149e+224
747. under: 1.35081e-225 over: 7.40298e+224
748. under: 6.75403e-226 over: 1.4806e+225
749. under: 3.37702e-226 over: 2.96119e+225
750. under: 1.68851e-226 over: 5.92239e+225
751. under: 8.44254e-227 over: 1.18448e+226
752. under: 4.22127e-227 over: 2.36895e+226
753. under: 2.11064e-227 over: 4.73791e+226
754. under: 1.05532e-227 over: 9.47582e+226
755. under: 5.27659e-228 over: 1.89516e+227
756. under: 2.63829e-228 over: 3.79033e+227
757. under: 1.31915e-228 over: 7.58065e+227
758. under: 6.59574e-229 over: 1.51613e+228
759. under: 3.29787e-229 over: 3.03226e+228
760. under: 1.64893e-229 over: 6.06452e+228
761. under: 8.24467e-230 over: 1.2129e+229
762. under: 4.12234e-230 over: 2.42581e+229
763. under: 2.06117e-230 over: 4.85162e+229
764. under: 1.03058e-230 over: 9.70324e+229
765. under: 5.15292e-231 over: 1.94065e+230
766. under: 2.57646e-231 over: 3.8813e+230
767. under: 1.28823e-231 over: 7.76259e+230
768. under: 6.44115e-232 over: 1.55252e+231
769. under: 3.22057e-232 over: 3.10504e+231
770. under: 1.61029e-232 over: 6.21007e+231
771. under: 8.05144e-233 over: 1.24201e+232
772. under: 4.02572e-233 over: 2.48403e+232
773. under: 2.01286e-233 over: 4.96806e+232
774. under: 1.00643e-233 over: 9.93612e+232
775. under: 5.03215e-234 over: 1.98722e+233
776. under: 2.51607e-234 over: 3.97445e+233
777. under: 1.25804e-234 over: 7.94889e+233
778. under: 6.29018e-235 over: 1.58978e+234
779. under: 3.14509e-235 over: 3.17956e+234
780. under: 1.57255e-235 over: 6.35911e+234
781. under: 7.86273e-236 over: 1.27182e+235
782. under: 3.93137e-236 over: 2.54365e+235
783. under: 1.96568e-236 over: 5.08729e+235
784. under: 9.82841e-237 over: 1.01746e+236
785. under: 4.91421e-237 over: 2.03492e+236
786. under: 2.4571e-237 over: 4.06983e+236
787. under: 1.22855e-237 over: 8.13967e+236
788. under: 6.14276e-238 over: 1.62793e+237
789. under: 3.07138e-238 over: 3.25587e+237
790. under: 1.53569e-238 over: 6.51173e+237
791. under: 7.67845e-239 over: 1.30235e+238
792. under: 3.83922e-239 over: 2.60469e+238
793. under: 1.91961e-239 over: 5.20939e+238
794. under: 9.59806e-240 over: 1.04188e+239
795. under: 4.79903e-240 over: 2.08375e+239
796. under: 2.39951e-240 over: 4.16751e+239
797. under: 1.19976e-240 over: 8.33502e+239
798. under: 5.99879e-241 over: 1.667e+240
799. under: 2.99939e-241 over: 3.33401e+240
800. under: 1.4997e-241 over: 6.66801e+240
801. under: 7.49848e-242 over: 1.3336e+241
802. under: 3.74924e-242 over: 2.66721e+241
803. under: 1.87462e-242 over: 5.33441e+241
804. under: 9.37311e-243 over: 1.06688e+242
805. under: 4.68655e-243 over: 2.13376e+242
806. under: 2.34328e-243 over: 4.26753e+242
807. under: 1.17164e-243 over: 8.53506e+242
808. under: 5.85819e-244 over: 1.70701e+243
809. under: 2.9291e-244 over: 3.41402e+243
810. under: 1.46455e-244 over: 6.82805e+243
811. under: 7.32274e-245 over: 1.36561e+244
812. under: 3.66137e-245 over: 2.73122e+244
813. under: 1.83068e-245 over: 5.46244e+244
814. under: 9.15342e-246 over: 1.09249e+245
815. under: 4.57671e-246 over: 2.18497e+245
816. under: 2.28836e-246 over: 4.36995e+245
817. under: 1.14418e-246 over: 8.7399e+245
818. under: 5.72089e-247 over: 1.74798e+246
819. under: 2.86044e-247 over: 3.49596e+246
820. under: 1.43022e-247 over: 6.99192e+246
821. under: 7.15111e-248 over: 1.39838e+247
822. under: 3.57556e-248 over: 2.79677e+247
823. under: 1.78778e-248 over: 5.59354e+247
824. under: 8.93889e-249 over: 1.11871e+248
825. under: 4.46944e-249 over: 2.23741e+248
826. under: 2.23472e-249 over: 4.47483e+248
827. under: 1.11736e-249 over: 8.94966e+248
828. under: 5.58681e-250 over: 1.78993e+249
829. under: 2.7934e-250 over: 3.57986e+249
830. under: 1.3967e-250 over: 7.15973e+249
831. under: 6.98351e-251 over: 1.43195e+250
832. under: 3.49175e-251 over: 2.86389e+250
833. under: 1.74588e-251 over: 5.72778e+250
834. under: 8.72938e-252 over: 1.14556e+251
835. under: 4.36469e-252 over: 2.29111e+251
836. under: 2.18235e-252 over: 4.58222e+251
837. under: 1.09117e-252 over: 9.16445e+251
838. under: 5.45587e-253 over: 1.83289e+252
839. under: 2.72793e-253 over: 3.66578e+252
840. under: 1.36397e-253 over: 7.33156e+252
841. under: 6.81983e-254 over: 1.46631e+253
842. under: 3.40992e-254 over: 2.93262e+253
843. under: 1.70496e-254 over: 5.86525e+253
844. under: 8.52479e-255 over: 1.17305e+254
845. under: 4.26239e-255 over: 2.3461e+254
846. under: 2.1312e-255 over: 4.6922e+254
847. under: 1.0656e-255 over: 9.3844e+254
848. under: 5.32799e-256 over: 1.87688e+255
849. under: 2.664e-256 over: 3.75376e+255
850. under: 1.332e-256 over: 7.50752e+255
851. under: 6.65999e-257 over: 1.5015e+256
852. under: 3.33e-257 over: 3.00301e+256
853. under: 1.665e-257 over: 6.00601e+256
854. under: 8.32499e-258 over: 1.2012e+257
855. under: 4.16249e-258 over: 2.40241e+257
856. under: 2.08125e-258 over: 4.80481e+257
857. under: 1.04062e-258 over: 9.60962e+257
858. under: 5.20312e-259 over: 1.92192e+258
859. under: 2.60156e-259 over: 3.84385e+258
860. under: 1.30078e-259 over: 7.6877e+258
861. under: 6.5039e-260 over: 1.53754e+259
862. under: 3.25195e-260 over: 3.07508e+259
863. under: 1.62597e-260 over: 6.15016e+259
864. under: 8.12987e-261 over: 1.23003e+260
865. under: 4.06494e-261 over: 2.46006e+260
866. under: 2.03247e-261 over: 4.92013e+260
867. under: 1.01623e-261 over: 9.84025e+260
868. under: 5.08117e-262 over: 1.96805e+261
869. under: 2.54059e-262 over: 3.9361e+261
870. under: 1.27029e-262 over: 7.8722e+261
871. under: 6.35146e-263 over: 1.57444e+262
872. under: 3.17573e-263 over: 3.14888e+262
873. under: 1.58787e-263 over: 6.29776e+262
874. under: 7.93933e-264 over: 1.25955e+263
875. under: 3.96966e-264 over: 2.5191e+263
876. under: 1.98483e-264 over: 5.03821e+263
877. under: 9.92416e-265 over: 1.00764e+264
878. under: 4.96208e-265 over: 2.01528e+264
879. under: 2.48104e-265 over: 4.03057e+264
880. under: 1.24052e-265 over: 8.06113e+264
881. under: 6.2026e-266 over: 1.61223e+265
882. under: 3.1013e-266 over: 3.22445e+265
883. under: 1.55065e-266 over: 6.44891e+265
884. under: 7.75325e-267 over: 1.28978e+266
885. under: 3.87663e-267 over: 2.57956e+266
886. under: 1.93831e-267 over: 5.15913e+266
887. under: 9.69156e-268 over: 1.03183e+267
888. under: 4.84578e-268 over: 2.06365e+267
889. under: 2.42289e-268 over: 4.1273e+267
890. under: 1.21145e-268 over: 8.2546e+267
891. under: 6.05723e-269 over: 1.65092e+268
892. under: 3.02861e-269 over: 3.30184e+268
893. under: 1.51431e-269 over: 6.60368e+268
894. under: 7.57153e-270 over: 1.32074e+269
895. under: 3.78577e-270 over: 2.64147e+269
896. under: 1.89288e-270 over: 5.28295e+269
897. under: 9.46442e-271 over: 1.05659e+270
898. under: 4.73221e-271 over: 2.11318e+270
899. under: 2.3661e-271 over: 4.22636e+270
900. under: 1.18305e-271 over: 8.45271e+270
901. under: 5.91526e-272 over: 1.69054e+271
902. under: 2.95763e-272 over: 3.38108e+271
903. under: 1.47882e-272 over: 6.76217e+271
904. under: 7.39408e-273 over: 1.35243e+272
905. under: 3.69704e-273 over: 2.70487e+272
906. under: 1.84852e-273 over: 5.40974e+272
907. under: 9.2426e-274 over: 1.08195e+273
908. under: 4.6213e-274 over: 2.16389e+273
909. under: 2.31065e-274 over: 4.32779e+273
910. under: 1.15532e-274 over: 8.65558e+273
911. under: 5.77662e-275 over: 1.73112e+274
912. under: 2.88831e-275 over: 3.46223e+274
913. under: 1.44416e-275 over: 6.92446e+274
914. under: 7.22078e-276 over: 1.38489e+275
915. under: 3.61039e-276 over: 2.76978e+275
916. under: 1.80519e-276 over: 5.53957e+275
917. under: 9.02597e-277 over: 1.10791e+276
918. under: 4.51299e-277 over: 2.21583e+276
919. under: 2.25649e-277 over: 4.43166e+276
920. under: 1.12825e-277 over: 8.86331e+276
921. under: 5.64123e-278 over: 1.77266e+277
922. under: 2.82062e-278 over: 3.54532e+277
923. under: 1.41031e-278 over: 7.09065e+277
924. under: 7.05154e-279 over: 1.41813e+278
925. under: 3.52577e-279 over: 2.83626e+278
926. under: 1.76289e-279 over: 5.67252e+278
927. under: 8.81443e-280 over: 1.1345e+279
928. under: 4.40721e-280 over: 2.26901e+279
929. under: 2.20361e-280 over: 4.53802e+279
930. under: 1.1018e-280 over: 9.07603e+279
931. under: 5.50902e-281 over: 1.81521e+280
932. under: 2.75451e-281 over: 3.63041e+280
933. under: 1.37725e-281 over: 7.26082e+280
934. under: 6.88627e-282 over: 1.45216e+281
935. under: 3.44314e-282 over: 2.90433e+281
936. under: 1.72157e-282 over: 5.80866e+281
937. under: 8.60784e-283 over: 1.16173e+282
938. under: 4.30392e-283 over: 2.32346e+282
939. under: 2.15196e-283 over: 4.64693e+282
940. under: 1.07598e-283 over: 9.29386e+282
941. under: 5.3799e-284 over: 1.85877e+283
942. under: 2.68995e-284 over: 3.71754e+283
943. under: 1.34497e-284 over: 7.43508e+283
944. under: 6.72487e-285 over: 1.48702e+284
945. under: 3.36244e-285 over: 2.97403e+284
946. under: 1.68122e-285 over: 5.94807e+284
947. under: 8.40609e-286 over: 1.18961e+285
948. under: 4.20305e-286 over: 2.37923e+285
949. under: 2.10152e-286 over: 4.75845e+285
950. under: 1.05076e-286 over: 9.51691e+285
951. under: 5.25381e-287 over: 1.90338e+286
952. under: 2.6269e-287 over: 3.80676e+286
953. under: 1.31345e-287 over: 7.61353e+286
954. under: 6.56726e-288 over: 1.52271e+287
955. under: 3.28363e-288 over: 3.04541e+287
956. under: 1.64181e-288 over: 6.09082e+287
957. under: 8.20907e-289 over: 1.21816e+288
958. under: 4.10454e-289 over: 2.43633e+288
959. under: 2.05227e-289 over: 4.87266e+288
960. under: 1.02613e-289 over: 9.74531e+288
961. under: 5.13067e-290 over: 1.94906e+289
962. under: 2.56534e-290 over: 3.89813e+289
963. under: 1.28267e-290 over: 7.79625e+289
964. under: 6.41334e-291 over: 1.55925e+290
965. under: 3.20667e-291 over: 3.1185e+290
966. under: 1.60333e-291 over: 6.237e+290
967. under: 8.01667e-292 over: 1.2474e+291
968. under: 4.00834e-292 over: 2.4948e+291
969. under: 2.00417e-292 over: 4.9896e+291
970. under: 1.00208e-292 over: 9.9792e+291
971. under: 5.01042e-293 over: 1.99584e+292
972. under: 2.50521e-293 over: 3.99168e+292
973. under: 1.25261e-293 over: 7.98336e+292
974. under: 6.26303e-294 over: 1.59667e+293
975. under: 3.13151e-294 over: 3.19334e+293
976. under: 1.56576e-294 over: 6.38669e+293
977. under: 7.82878e-295 over: 1.27734e+294
978. under: 3.91439e-295 over: 2.55468e+294
979. under: 1.9572e-295 over: 5.10935e+294
980. under: 9.78598e-296 over: 1.02187e+295
981. under: 4.89299e-296 over: 2.04374e+295
982. under: 2.44649e-296 over: 4.08748e+295
983. under: 1.22325e-296 over: 8.17496e+295
984. under: 6.11624e-297 over: 1.63499e+296
985. under: 3.05812e-297 over: 3.26998e+296
986. under: 1.52906e-297 over: 6.53997e+296
987. under: 7.6453e-298 over: 1.30799e+297
988. under: 3.82265e-298 over: 2.61599e+297
989. under: 1.91132e-298 over: 5.23198e+297
990. under: 9.55662e-299 over: 1.0464e+298
991. under: 4.77831e-299 over: 2.09279e+298
992. under: 2.38915e-299 over: 4.18558e+298
993. under: 1.19458e-299 over: 8.37116e+298
994. under: 5.97289e-300 over: 1.67423e+299
995. under: 2.98644e-300 over: 3.34846e+299
996. under: 1.49322e-300 over: 6.69693e+299
997. under: 7.46611e-301 over: 1.33939e+300
998. under: 3.73305e-301 over: 2.67877e+300
999. under: 1.86653e-301 over: 5.35754e+300
1000. under: 9.33264e-302 over: 1.07151e+301
1001. under: 4.66632e-302 over: 2.14302e+301
1002. under: 2.33316e-302 over: 4.28603e+301
1003. under: 1.16658e-302 over: 8.57207e+301
1004. under: 5.8329e-303 over: 1.71441e+302
1005. under: 2.91645e-303 over: 3.42883e+302
1006. under: 1.45822e-303 over: 6.85766e+302
1007. under: 7.29112e-304 over: 1.37153e+303
1008. under: 3.64556e-304 over: 2.74306e+303
1009. under: 1.82278e-304 over: 5.48612e+303
1010. under: 9.1139e-305 over: 1.09722e+304
1011. under: 4.55695e-305 over: 2.19445e+304
1012. under: 2.27848e-305 over: 4.3889e+304
1013. under: 1.13924e-305 over: 8.7778e+304
1014. under: 5.69619e-306 over: 1.75556e+305
1015. under: 2.84809e-306 over: 3.51112e+305
1016. under: 1.42405e-306 over: 7.02224e+305
1017. under: 7.12024e-307 over: 1.40445e+306
1018. under: 3.56012e-307 over: 2.8089e+306
1019. under: 1.78006e-307 over: 5.61779e+306
1020. under: 8.9003e-308 over: 1.12356e+307
1021. under: 4.45015e-308 over: 2.24712e+307
1022. under: 2.22507e-308 over: 4.49423e+307
1023. under: 1.11254e-308 over: 8.98847e+307
1024. under: 5.56268e-309 over: inf
1025. under: 2.78134e-309 over: inf
1026. under: 1.39067e-309 over: inf
1027. under: 6.95336e-310 over: inf
1028. under: 3.47668e-310 over: inf
1029. under: 1.73834e-310 over: inf
1030. under: 8.69169e-311 over: inf
1031. under: 4.34585e-311 over: inf
1032. under: 2.17292e-311 over: inf
1033. under: 1.08646e-311 over: inf
1034. under: 5.43231e-312 over: inf
1035. under: 2.71615e-312 over: inf
1036. under: 1.35808e-312 over: inf
1037. under: 6.79039e-313 over: inf
1038. under: 3.39519e-313 over: inf
1039. under: 1.6976e-313 over: inf
1040. under: 8.48798e-314 over: inf
1041. under: 4.24399e-314 over: inf
1042. under: 2.122e-314 over: inf
1043. under: 1.061e-314 over: inf
1044. under: 5.30499e-315 over: inf
1045. under: 2.65249e-315 over: inf
1046. under: 1.32625e-315 over: inf
1047. under: 6.63124e-316 over: inf
1048. under: 3.31562e-316 over: inf
1049. under: 1.65781e-316 over: inf
1050. under: 8.28905e-317 over: inf
