

*******************************************************************************
Tue Apr 21 16:13:01 2020


FIT:    data read from "random_histogram.dat" using ($5):($6)
        format = x:z
        x range restricted to [-3.00000 : 3.00000]
        #datapoints = 50
        residuals are weighted equally (unit weight)

function used for fitting: f(x)
	f(x) = b*exp(-x**2/(2*sigma**2))
fitted parameters initialized with current variable values

iter      chisq       delta/lim  lambda   b             sigma        
   0 3.3949436464e+08   0.00e+00  5.08e-01    1.000000e+00   1.000000e+00
  17 1.2818564910e+05  -6.07e-05  5.08e-06    4.799802e+03   9.977424e-01

After 17 iterations the fit converged.
final sum of squares of residuals : 128186
rel. change during last iteration : -6.06602e-10

degrees of freedom    (FIT_NDF)                        : 48
rms of residuals      (FIT_STDFIT) = sqrt(WSSR/ndf)    : 51.6772
variance of residuals (reduced chisquare) = WSSR/ndf   : 2670.53

Final set of parameters            Asymptotic Standard Error
=======================            ==========================
b               = 4799.8           +/- 16.49        (0.3436%)
sigma           = 0.997742         +/- 0.003965     (0.3974%)

correlation matrix of the fit parameters:
                b      sigma  
b               1.000 
sigma          -0.578  1.000 


*******************************************************************************
Tue Apr 21 16:13:33 2020


FIT:    data read from "random_histogram.dat" using ($5):($6)
        format = x:z
        x range restricted to [-3.00000 : 3.00000]
        #datapoints = 50
        residuals are weighted equally (unit weight)

function used for fitting: f(x)
	f(x) = b*exp(-x**2/(2*sigma**2))
fitted parameters initialized with current variable values

iter      chisq       delta/lim  lambda   b             sigma        
   0 3.3949436464e+08   0.00e+00  5.08e-01    1.000000e+00   1.000000e+00
  17 1.2818564910e+05  -6.07e-05  5.08e-06    4.799802e+03   9.977424e-01

After 17 iterations the fit converged.
final sum of squares of residuals : 128186
rel. change during last iteration : -6.06602e-10

degrees of freedom    (FIT_NDF)                        : 48
rms of residuals      (FIT_STDFIT) = sqrt(WSSR/ndf)    : 51.6772
variance of residuals (reduced chisquare) = WSSR/ndf   : 2670.53

Final set of parameters            Asymptotic Standard Error
=======================            ==========================
b               = 4799.8           +/- 16.49        (0.3436%)
sigma           = 0.997742         +/- 0.003965     (0.3974%)

correlation matrix of the fit parameters:
                b      sigma  
b               1.000 
sigma          -0.578  1.000 


*******************************************************************************
Tue Apr 21 16:14:14 2020


FIT:    data read from "random_histogram.dat" using ($5):($6)
        format = x:z
        x range restricted to [-3.00000 : 3.00000]
        #datapoints = 50
        residuals are weighted equally (unit weight)

function used for fitting: f(x)
	f(x) = b*exp(-x**2/(2*sigma**2))
fitted parameters initialized with current variable values

iter      chisq       delta/lim  lambda   b             sigma        
   0 3.3949436464e+08   0.00e+00  5.08e-01    1.000000e+00   1.000000e+00
  17 1.2818564910e+05  -6.07e-05  5.08e-06    4.799802e+03   9.977424e-01

After 17 iterations the fit converged.
final sum of squares of residuals : 128186
rel. change during last iteration : -6.06602e-10

degrees of freedom    (FIT_NDF)                        : 48
rms of residuals      (FIT_STDFIT) = sqrt(WSSR/ndf)    : 51.6772
variance of residuals (reduced chisquare) = WSSR/ndf   : 2670.53

Final set of parameters            Asymptotic Standard Error
=======================            ==========================
b               = 4799.8           +/- 16.49        (0.3436%)
sigma           = 0.997742         +/- 0.003965     (0.3974%)

correlation matrix of the fit parameters:
                b      sigma  
b               1.000 
sigma          -0.578  1.000 


*******************************************************************************
Tue Apr 21 16:16:21 2020


FIT:    data read from "random_histogram.dat" using ($5):($6)
        format = x:z
        x range restricted to [-3.00000 : 3.00000]
        #datapoints = 50
        residuals are weighted equally (unit weight)

function used for fitting: f(x)
	f(x) = b*exp(-x**2/(2*sigma**2))
fitted parameters initialized with current variable values

iter      chisq       delta/lim  lambda   b             sigma        
   0 3.3697011776e+06   0.00e+00  5.08e-01    1.000000e+00   1.000000e+00
  10 1.3951177889e+04  -3.43e-02  5.08e-05    4.750890e+02  -1.010829e+00

After 10 iterations the fit converged.
final sum of squares of residuals : 13951.2
rel. change during last iteration : -3.43219e-07

degrees of freedom    (FIT_NDF)                        : 48
rms of residuals      (FIT_STDFIT) = sqrt(WSSR/ndf)    : 17.0484
variance of residuals (reduced chisquare) = WSSR/ndf   : 290.65

Final set of parameters            Asymptotic Standard Error
=======================            ==========================
b               = 475.089          +/- 5.406        (1.138%)
sigma           = -1.01083         +/- 0.01331      (1.316%)

correlation matrix of the fit parameters:
                b      sigma  
b               1.000 
sigma           0.578  1.000 


*******************************************************************************
Tue Apr 21 16:18:36 2020


FIT:    data read from "random_histogram.dat" using ($5):($6)
        format = x:z
        x range restricted to [-3.00000 : 3.00000]
        #datapoints = 50
        residuals are weighted equally (unit weight)

function used for fitting: f(x)
	f(x) = b*exp(-x**2/(2*sigma**2))
fitted parameters initialized with current variable values

iter      chisq       delta/lim  lambda   b             sigma        
   0 3.3823088327e+10   0.00e+00  5.08e-01    1.000000e+00   1.000000e+00
   3 1.3889567895e+10  -1.30e-01  5.08e-03    1.996744e+04   6.274390e+03

After 3 iterations the fit converged.
final sum of squares of residuals : 1.38896e+10
rel. change during last iteration : -1.30167e-06

degrees of freedom    (FIT_NDF)                        : 48
rms of residuals      (FIT_STDFIT) = sqrt(WSSR/ndf)    : 17010.8
variance of residuals (reduced chisquare) = WSSR/ndf   : 2.89366e+08

Final set of parameters            Asymptotic Standard Error
=======================            ==========================
b               = 19967.4          +/- 3610         (18.08%)
sigma           = 6274.39          +/- 1.112e+10    (1.772e+08%)

correlation matrix of the fit parameters:
                b      sigma  
b               1.000 
sigma          -0.746  1.000 


*******************************************************************************
Tue Apr 21 16:19:49 2020


FIT:    data read from "random_histogram.dat" using ($5):($6)
        format = x:z
        x range restricted to [-3.00000 : 3.00000]
        #datapoints = 50
        residuals are weighted equally (unit weight)

function used for fitting: f(x)
	f(x) = b*exp(-x**2/(2*sigma**2))
fitted parameters initialized with current variable values

iter      chisq       delta/lim  lambda   b             sigma        
   0 3.0278052334e+06   0.00e+00  2.41e+04    4.750000e+04   1.000000e+00
   3 1.1529978494e+06  -1.09e-03  2.41e+01    4.782374e+04   1.001257e+00

After 3 iterations the fit converged.
final sum of squares of residuals : 1.153e+06
rel. change during last iteration : -1.09048e-08

degrees of freedom    (FIT_NDF)                        : 48
rms of residuals      (FIT_STDFIT) = sqrt(WSSR/ndf)    : 154.986
variance of residuals (reduced chisquare) = WSSR/ndf   : 24020.8

Final set of parameters            Asymptotic Standard Error
=======================            ==========================
b               = 47823.7          +/- 49.37        (0.1032%)
sigma           = 1.00126          +/- 0.001196     (0.1194%)

correlation matrix of the fit parameters:
                b      sigma  
b               1.000 
sigma          -0.578  1.000 


*******************************************************************************
Wed Apr 22 02:49:37 2020


FIT:    data read from "random_walk_final.dat" using 1:2
        format = x:z
        x range restricted to [1.90000 : 5.50000]
        #datapoints = 11
        residuals are weighted equally (unit weight)

function used for fitting: f(x)
	f(x) = m*x + b
BREAK: Need via and either parameter list or file

*******************************************************************************
Wed Apr 22 02:49:49 2020


FIT:    data read from "random_walk_final.dat" using 1:2
        format = x:z
        x range restricted to [1.90000 : 5.50000]
        #datapoints = 11
        residuals are weighted equally (unit weight)

function used for fitting: f(x)
	f(x) = m*x + b
fitted parameters initialized with current variable values

iter      chisq       delta/lim  lambda   m             b            
   0 8.5317578652e+01   0.00e+00  2.66e+00    1.000000e+00   1.000000e+00
   4 3.0345835091e-03  -1.14e-01  2.66e-04    5.027013e-01  -1.299026e-03

After 4 iterations the fit converged.
final sum of squares of residuals : 0.00303458
rel. change during last iteration : -1.14187e-06

degrees of freedom    (FIT_NDF)                        : 9
rms of residuals      (FIT_STDFIT) = sqrt(WSSR/ndf)    : 0.0183624
variance of residuals (reduced chisquare) = WSSR/ndf   : 0.000337176

Final set of parameters            Asymptotic Standard Error
=======================            ==========================
m               = 0.502701         +/- 0.005816     (1.157%)
b               = -0.00129903      +/- 0.02112      (1626%)

correlation matrix of the fit parameters:
                m      b      
m               1.000 
b              -0.965  1.000 


*******************************************************************************
Wed Apr 22 02:53:13 2020


FIT:    data read from "random_walk_final.dat" using 1:2
        format = x:z
        x range restricted to [1.90000 : 5.50000]
        #datapoints = 11
        residuals are weighted equally (unit weight)

function used for fitting: f(x)
	f(x) = m*x + b
fitted parameters initialized with current variable values

iter      chisq       delta/lim  lambda   m             b            
   0 3.0345835091e-03   0.00e+00  1.29e+00    5.027013e-01  -1.299026e-03
   1 3.0345835091e-03   0.00e+00  1.29e+02    5.027013e-01  -1.299026e-03

After 1 iterations the fit converged.
final sum of squares of residuals : 0.00303458
rel. change during last iteration : 0

degrees of freedom    (FIT_NDF)                        : 9
rms of residuals      (FIT_STDFIT) = sqrt(WSSR/ndf)    : 0.0183624
variance of residuals (reduced chisquare) = WSSR/ndf   : 0.000337176

Final set of parameters            Asymptotic Standard Error
=======================            ==========================
m               = 0.502701         +/- 0.005816     (1.157%)
b               = -0.00129903      +/- 0.02112      (1626%)

correlation matrix of the fit parameters:
                m      b      
m               1.000 
b              -0.965  1.000 


*******************************************************************************
Wed Apr 22 03:05:39 2020


FIT:    data read from "mc_integration.dat" using (log10($1)):(log10(abs($2-$3)/$3))
        format = x:z
        x range restricted to [1.00000 : 8.00000]
        #datapoints = 17
        residuals are weighted equally (unit weight)

function used for fitting: f(x)
	f(x) = m*x + b
fitted parameters initialized with current variable values

iter      chisq       delta/lim  lambda   m             b            
   0 7.7516124858e+02   0.00e+00  2.72e+00    1.000000e+00   1.000000e+00
   4 1.3372944955e+00  -1.46e-06  2.72e-04   -6.016044e-01   1.388223e-01

After 4 iterations the fit converged.
final sum of squares of residuals : 1.33729
rel. change during last iteration : -1.45742e-11

degrees of freedom    (FIT_NDF)                        : 15
rms of residuals      (FIT_STDFIT) = sqrt(WSSR/ndf)    : 0.298585
variance of residuals (reduced chisquare) = WSSR/ndf   : 0.089153

Final set of parameters            Asymptotic Standard Error
=======================            ==========================
m               = -0.601604        +/- 0.04911      (8.162%)
b               = 0.138822         +/- 0.1824       (131.4%)

correlation matrix of the fit parameters:
                m      b      
m               1.000 
b              -0.918  1.000 


*******************************************************************************
Wed Apr 22 03:06:03 2020


FIT:    data read from "mc_integration.dat" using (log10($1)):(log10(abs($2-$3)/$3))
        format = x:z
        x range restricted to [1.00000 : 8.00000]
        #datapoints = 17
        residuals are weighted equally (unit weight)

function used for fitting: f(x)
	f(x) = m*x + b
fitted parameters initialized with current variable values

iter      chisq       delta/lim  lambda   m             b            
   0 7.7516124858e+02   0.00e+00  2.72e+00    1.000000e+00   1.000000e+00
   4 1.3372944955e+00  -1.46e-06  2.72e-04   -6.016044e-01   1.388223e-01

After 4 iterations the fit converged.
final sum of squares of residuals : 1.33729
rel. change during last iteration : -1.45742e-11

degrees of freedom    (FIT_NDF)                        : 15
rms of residuals      (FIT_STDFIT) = sqrt(WSSR/ndf)    : 0.298585
variance of residuals (reduced chisquare) = WSSR/ndf   : 0.089153

Final set of parameters            Asymptotic Standard Error
=======================            ==========================
m               = -0.601604        +/- 0.04911      (8.162%)
b               = 0.138822         +/- 0.1824       (131.4%)

correlation matrix of the fit parameters:
                m      b      
m               1.000 
b              -0.918  1.000 


*******************************************************************************
Wed Apr 22 03:06:27 2020


FIT:    data read from "mc_integration.dat" using (log10($1)):(log10(abs($2-$3)/$3))
        format = x:z
        x range restricted to [1.00000 : 8.00000]
        #datapoints = 17
        residuals are weighted equally (unit weight)

function used for fitting: f(x)
	f(x) = m*x + b
fitted parameters initialized with current variable values

iter      chisq       delta/lim  lambda   m             b            
   0 7.7516124858e+02   0.00e+00  2.72e+00    1.000000e+00   1.000000e+00
   4 1.3372944955e+00  -1.46e-06  2.72e-04   -6.016044e-01   1.388223e-01

After 4 iterations the fit converged.
final sum of squares of residuals : 1.33729
rel. change during last iteration : -1.45742e-11

degrees of freedom    (FIT_NDF)                        : 15
rms of residuals      (FIT_STDFIT) = sqrt(WSSR/ndf)    : 0.298585
variance of residuals (reduced chisquare) = WSSR/ndf   : 0.089153

Final set of parameters            Asymptotic Standard Error
=======================            ==========================
m               = -0.601604        +/- 0.04911      (8.162%)
b               = 0.138822         +/- 0.1824       (131.4%)

correlation matrix of the fit parameters:
                m      b      
m               1.000 
b              -0.918  1.000 


*******************************************************************************
Wed Apr 22 03:07:20 2020


FIT:    data read from "mc_integration.dat" using (log10($1)):(log10(abs($2-$3)/$3))
        format = x:z
        x range restricted to [1.00000 : 8.00000]
        #datapoints = 17
        residuals are weighted equally (unit weight)

function used for fitting: f(x)
	f(x) = m*x + b
fitted parameters initialized with current variable values

iter      chisq       delta/lim  lambda   m             b            
   0 7.7519492945e+02   0.00e+00  2.72e+00    1.000000e+00   1.000000e+00
   4 4.9661462502e+00  -1.79e-06  2.72e-04   -4.723892e-01  -3.529792e-01

After 4 iterations the fit converged.
final sum of squares of residuals : 4.96615
rel. change during last iteration : -1.79177e-11

degrees of freedom    (FIT_NDF)                        : 15
rms of residuals      (FIT_STDFIT) = sqrt(WSSR/ndf)    : 0.575392
variance of residuals (reduced chisquare) = WSSR/ndf   : 0.331076

Final set of parameters            Asymptotic Standard Error
=======================            ==========================
m               = -0.472389        +/- 0.09463      (20.03%)
b               = -0.352979        +/- 0.3514       (99.56%)

correlation matrix of the fit parameters:
                m      b      
m               1.000 
b              -0.918  1.000 


*******************************************************************************
Wed Apr 22 03:08:36 2020


FIT:    data read from "mc_integration.dat" using (log10($1)):(log10(abs($2-$3)/$3))
        format = x:z
        x range restricted to [1.00000 : 8.00000]
        #datapoints = 17
        residuals are weighted equally (unit weight)

function used for fitting: f(x)
	f(x) = m*x + b
fitted parameters initialized with current variable values

iter      chisq       delta/lim  lambda   m             b            
   0 7.7957185435e+02   0.00e+00  2.72e+00    1.000000e+00   1.000000e+00
   4 3.8451466390e+00  -1.81e-07  2.72e-04   -6.477580e-01   3.130973e-01

After 4 iterations the fit converged.
final sum of squares of residuals : 3.84515
rel. change during last iteration : -1.80666e-12

degrees of freedom    (FIT_NDF)                        : 15
rms of residuals      (FIT_STDFIT) = sqrt(WSSR/ndf)    : 0.506303
variance of residuals (reduced chisquare) = WSSR/ndf   : 0.256343

Final set of parameters            Asymptotic Standard Error
=======================            ==========================
m               = -0.647758        +/- 0.08327      (12.85%)
b               = 0.313097         +/- 0.3092       (98.76%)

correlation matrix of the fit parameters:
                m      b      
m               1.000 
b              -0.918  1.000 


*******************************************************************************
Wed Apr 22 03:10:22 2020


FIT:    data read from "mc_integration.dat" using (log10($1)):(log10(abs($2-$3)/$3))
        format = x:z
        x range restricted to [1.00000 : 8.00000]
        #datapoints = 17
        residuals are weighted equally (unit weight)

function used for fitting: f(x)
	f(x) = m*x + b
fitted parameters initialized with current variable values

iter      chisq       delta/lim  lambda   m             b            
   0 6.5989334252e+02   0.00e+00  2.72e+00    1.000000e+00   1.000000e+00
   4 5.6687674995e+00  -1.03e-06  2.72e-04   -3.837526e-01  -1.421191e-01

After 4 iterations the fit converged.
final sum of squares of residuals : 5.66877
rel. change during last iteration : -1.02589e-11

degrees of freedom    (FIT_NDF)                        : 15
rms of residuals      (FIT_STDFIT) = sqrt(WSSR/ndf)    : 0.61475
variance of residuals (reduced chisquare) = WSSR/ndf   : 0.377918

Final set of parameters            Asymptotic Standard Error
=======================            ==========================
m               = -0.383753        +/- 0.1011       (26.35%)
b               = -0.142119        +/- 0.3755       (264.2%)

correlation matrix of the fit parameters:
                m      b      
m               1.000 
b              -0.918  1.000 


*******************************************************************************
Wed Apr 22 03:10:34 2020


FIT:    data read from "mc_integration.dat" using (log10($1)):(log10(abs($2-$3)/$3))
        format = x:z
        x range restricted to [1.00000 : 8.00000]
        #datapoints = 17
        residuals are weighted equally (unit weight)

function used for fitting: f(x)
	f(x) = m*x + b
fitted parameters initialized with current variable values

iter      chisq       delta/lim  lambda   m             b            
   0 6.9839202160e+02   0.00e+00  2.72e+00    1.000000e+00   1.000000e+00
   4 4.8857900747e+00  -1.64e-06  2.72e-04   -3.974481e-01  -2.825971e-01

After 4 iterations the fit converged.
final sum of squares of residuals : 4.88579
rel. change during last iteration : -1.63524e-11

degrees of freedom    (FIT_NDF)                        : 15
rms of residuals      (FIT_STDFIT) = sqrt(WSSR/ndf)    : 0.570718
variance of residuals (reduced chisquare) = WSSR/ndf   : 0.325719

Final set of parameters            Asymptotic Standard Error
=======================            ==========================
m               = -0.397448        +/- 0.09386      (23.62%)
b               = -0.282597        +/- 0.3486       (123.3%)

correlation matrix of the fit parameters:
                m      b      
m               1.000 
b              -0.918  1.000 


*******************************************************************************
Wed Apr 22 03:10:43 2020


FIT:    data read from "mc_integration.dat" using (log10($1)):(log10(abs($2-$3)/$3))
        format = x:z
        x range restricted to [1.00000 : 8.00000]
        #datapoints = 17
        residuals are weighted equally (unit weight)

function used for fitting: f(x)
	f(x) = m*x + b
fitted parameters initialized with current variable values

iter      chisq       delta/lim  lambda   m             b            
   0 6.7730336929e+02   0.00e+00  2.72e+00    1.000000e+00   1.000000e+00
   4 3.0134521680e+00  -1.64e-07  2.72e-04   -6.511851e-01   8.194895e-01

After 4 iterations the fit converged.
final sum of squares of residuals : 3.01345
rel. change during last iteration : -1.63771e-12

degrees of freedom    (FIT_NDF)                        : 15
rms of residuals      (FIT_STDFIT) = sqrt(WSSR/ndf)    : 0.448215
variance of residuals (reduced chisquare) = WSSR/ndf   : 0.200897

Final set of parameters            Asymptotic Standard Error
=======================            ==========================
m               = -0.651185        +/- 0.07371      (11.32%)
b               = 0.81949          +/- 0.2737       (33.4%)

correlation matrix of the fit parameters:
                m      b      
m               1.000 
b              -0.918  1.000 


*******************************************************************************
Wed Apr 22 03:11:42 2020


FIT:    data read from "mc_integration.dat" using (log10($1)):(log10(abs($2-$3)/$3))
        format = x:z
        x range restricted to [1.00000 : 8.00000]
        #datapoints = 17
        residuals are weighted equally (unit weight)

function used for fitting: f(x)
	f(x) = m*x + b
fitted parameters initialized with current variable values

iter      chisq       delta/lim  lambda   m             b            
   0 4.5279680140e+02   0.00e+00  2.72e+00    1.000000e+00   1.000000e+00
   3 3.9635950132e+00  -4.32e-02  2.72e-03   -3.120701e-01   7.118208e-01

After 3 iterations the fit converged.
final sum of squares of residuals : 3.9636
rel. change during last iteration : -4.31671e-07

degrees of freedom    (FIT_NDF)                        : 15
rms of residuals      (FIT_STDFIT) = sqrt(WSSR/ndf)    : 0.514042
variance of residuals (reduced chisquare) = WSSR/ndf   : 0.26424

Final set of parameters            Asymptotic Standard Error
=======================            ==========================
m               = -0.31207         +/- 0.08454      (27.09%)
b               = 0.711821         +/- 0.3139       (44.1%)

correlation matrix of the fit parameters:
                m      b      
m               1.000 
b              -0.918  1.000 


*******************************************************************************
Wed Apr 22 03:11:47 2020


FIT:    data read from "mc_integration.dat" using (log10($1)):(log10(abs($2-$3)/$3))
        format = x:z
        x range restricted to [1.00000 : 8.00000]
        #datapoints = 17
        residuals are weighted equally (unit weight)

function used for fitting: f(x)
	f(x) = m*x + b
fitted parameters initialized with current variable values

iter      chisq       delta/lim  lambda   m             b            
   0 4.1548751106e+02   0.00e+00  2.72e+00    1.000000e+00   1.000000e+00
   4 5.2105787328e-01  -3.66e-06  2.72e-04   -1.445943e-01   2.577216e-01

After 4 iterations the fit converged.
final sum of squares of residuals : 0.521058
rel. change during last iteration : -3.66418e-11

degrees of freedom    (FIT_NDF)                        : 15
rms of residuals      (FIT_STDFIT) = sqrt(WSSR/ndf)    : 0.186379
variance of residuals (reduced chisquare) = WSSR/ndf   : 0.0347372

Final set of parameters            Asymptotic Standard Error
=======================            ==========================
m               = -0.144594        +/- 0.03065      (21.2%)
b               = 0.257722         +/- 0.1138       (44.17%)

correlation matrix of the fit parameters:
                m      b      
m               1.000 
b              -0.918  1.000 


*******************************************************************************
Wed Apr 22 03:11:52 2020


FIT:    data read from "mc_integration.dat" using (log10($1)):(log10(abs($2-$3)/$3))
        format = x:z
        x range restricted to [1.00000 : 8.00000]
        #datapoints = 17
        residuals are weighted equally (unit weight)

function used for fitting: f(x)
	f(x) = m*x + b
fitted parameters initialized with current variable values

iter      chisq       delta/lim  lambda   m             b            
   0 4.5698386442e+02   0.00e+00  2.72e+00    1.000000e+00   1.000000e+00
   4 2.5792033364e+00  -3.02e-07  2.72e-04   -2.420331e-01   3.984131e-01

After 4 iterations the fit converged.
final sum of squares of residuals : 2.5792
rel. change during last iteration : -3.01643e-12

degrees of freedom    (FIT_NDF)                        : 15
rms of residuals      (FIT_STDFIT) = sqrt(WSSR/ndf)    : 0.414665
variance of residuals (reduced chisquare) = WSSR/ndf   : 0.171947

Final set of parameters            Asymptotic Standard Error
=======================            ==========================
m               = -0.242033        +/- 0.0682       (28.18%)
b               = 0.398413         +/- 0.2533       (63.57%)

correlation matrix of the fit parameters:
                m      b      
m               1.000 
b              -0.918  1.000 


*******************************************************************************
Wed Apr 22 03:11:57 2020


FIT:    data read from "mc_integration.dat" using (log10($1)):(log10(abs($2-$3)/$3))
        format = x:z
        x range restricted to [1.00000 : 8.00000]
        #datapoints = 17
        residuals are weighted equally (unit weight)

function used for fitting: f(x)
	f(x) = m*x + b
fitted parameters initialized with current variable values

iter      chisq       delta/lim  lambda   m             b            
   0 4.3442155599e+02   0.00e+00  2.72e+00    1.000000e+00   1.000000e+00
   3 3.6751893068e+00  -6.27e-02  2.72e-03   -2.653985e-01   6.377880e-01

After 3 iterations the fit converged.
final sum of squares of residuals : 3.67519
rel. change during last iteration : -6.26551e-07

degrees of freedom    (FIT_NDF)                        : 15
rms of residuals      (FIT_STDFIT) = sqrt(WSSR/ndf)    : 0.494987
variance of residuals (reduced chisquare) = WSSR/ndf   : 0.245013

Final set of parameters            Asymptotic Standard Error
=======================            ==========================
m               = -0.265399        +/- 0.08141      (30.67%)
b               = 0.637788         +/- 0.3023       (47.4%)

correlation matrix of the fit parameters:
                m      b      
m               1.000 
b              -0.918  1.000 


*******************************************************************************
Wed Apr 22 03:12:04 2020


FIT:    data read from "mc_integration.dat" using (log10($1)):(log10(abs($2-$3)/$3))
        format = x:z
        x range restricted to [1.00000 : 8.00000]
        #datapoints = 17
        residuals are weighted equally (unit weight)

function used for fitting: f(x)
	f(x) = m*x + b
fitted parameters initialized with current variable values

iter      chisq       delta/lim  lambda   m             b            
   0 4.3901499936e+02   0.00e+00  2.72e+00    1.000000e+00   1.000000e+00
   4 2.0647995930e+00  -2.31e-06  2.72e-04   -1.141302e-01   1.043922e-03

After 4 iterations the fit converged.
final sum of squares of residuals : 2.0648
rel. change during last iteration : -2.3059e-11

degrees of freedom    (FIT_NDF)                        : 15
rms of residuals      (FIT_STDFIT) = sqrt(WSSR/ndf)    : 0.371017
variance of residuals (reduced chisquare) = WSSR/ndf   : 0.137653

Final set of parameters            Asymptotic Standard Error
=======================            ==========================
m               = -0.11413         +/- 0.06102      (53.46%)
b               = 0.00104392       +/- 0.2266       (2.171e+04%)

correlation matrix of the fit parameters:
                m      b      
m               1.000 
b              -0.918  1.000 


*******************************************************************************
Wed Apr 22 03:12:10 2020


FIT:    data read from "mc_integration.dat" using (log10($1)):(log10(abs($2-$3)/$3))
        format = x:z
        x range restricted to [1.00000 : 8.00000]
        #datapoints = 17
        residuals are weighted equally (unit weight)

function used for fitting: f(x)
	f(x) = m*x + b
fitted parameters initialized with current variable values

iter      chisq       delta/lim  lambda   m             b            
   0 4.3252757959e+02   0.00e+00  2.72e+00    1.000000e+00   1.000000e+00
   4 8.2799585178e-01  -7.26e-07  2.72e-04   -2.172153e-01   4.398683e-01

After 4 iterations the fit converged.
final sum of squares of residuals : 0.827996
rel. change during last iteration : -7.25926e-12

degrees of freedom    (FIT_NDF)                        : 15
rms of residuals      (FIT_STDFIT) = sqrt(WSSR/ndf)    : 0.234946
variance of residuals (reduced chisquare) = WSSR/ndf   : 0.0551997

Final set of parameters            Asymptotic Standard Error
=======================            ==========================
m               = -0.217215        +/- 0.03864      (17.79%)
b               = 0.439868         +/- 0.1435       (32.62%)

correlation matrix of the fit parameters:
                m      b      
m               1.000 
b              -0.918  1.000 


*******************************************************************************
Wed Apr 22 03:12:15 2020


FIT:    data read from "mc_integration.dat" using (log10($1)):(log10(abs($2-$3)/$3))
        format = x:z
        x range restricted to [1.00000 : 8.00000]
        #datapoints = 17
        residuals are weighted equally (unit weight)

function used for fitting: f(x)
	f(x) = m*x + b
fitted parameters initialized with current variable values

iter      chisq       delta/lim  lambda   m             b            
   0 4.5516789315e+02   0.00e+00  2.72e+00    1.000000e+00   1.000000e+00
   4 4.7223779493e+00  -1.28e-06  2.72e-04   -1.121931e-01  -8.857516e-02

After 4 iterations the fit converged.
final sum of squares of residuals : 4.72238
rel. change during last iteration : -1.27611e-11

degrees of freedom    (FIT_NDF)                        : 15
rms of residuals      (FIT_STDFIT) = sqrt(WSSR/ndf)    : 0.561093
variance of residuals (reduced chisquare) = WSSR/ndf   : 0.314825

Final set of parameters            Asymptotic Standard Error
=======================            ==========================
m               = -0.112193        +/- 0.09228      (82.25%)
b               = -0.0885752       +/- 0.3427       (386.9%)

correlation matrix of the fit parameters:
                m      b      
m               1.000 
b              -0.918  1.000 


*******************************************************************************
Wed Apr 22 03:12:19 2020


FIT:    data read from "mc_integration.dat" using (log10($1)):(log10(abs($2-$3)/$3))
        format = x:z
        x range restricted to [1.00000 : 8.00000]
        #datapoints = 17
        residuals are weighted equally (unit weight)

function used for fitting: f(x)
	f(x) = m*x + b
fitted parameters initialized with current variable values

iter      chisq       delta/lim  lambda   m             b            
   0 4.2157086157e+02   0.00e+00  2.72e+00    1.000000e+00   1.000000e+00
   4 9.0464383116e-01  -6.76e-07  2.72e-04   -2.002560e-01   4.418961e-01

After 4 iterations the fit converged.
final sum of squares of residuals : 0.904644
rel. change during last iteration : -6.75944e-12

degrees of freedom    (FIT_NDF)                        : 15
rms of residuals      (FIT_STDFIT) = sqrt(WSSR/ndf)    : 0.24558
variance of residuals (reduced chisquare) = WSSR/ndf   : 0.0603096

Final set of parameters            Asymptotic Standard Error
=======================            ==========================
m               = -0.200256        +/- 0.04039      (20.17%)
b               = 0.441896         +/- 0.15         (33.94%)

correlation matrix of the fit parameters:
                m      b      
m               1.000 
b              -0.918  1.000 
