

*******************************************************************************
Tue Feb 18 02:08:48 2020


FIT:    data read from "eigen_tridiagonal_class.dat" using ($3):($4)
        format = x:z
        x range restricted to [0.300000 : 2.00000]
        #datapoints = 18
        residuals are weighted equally (unit weight)

function used for fitting: f1(x)
	f1(x) = a1*x + b1
fitted parameters initialized with current variable values

iter      chisq       delta/lim  lambda   a1            b1           
   0 2.6493383012e+02   0.00e+00  9.94e-01    1.000000e+00   1.000000e+00
   4 3.3095244722e-02  -5.46e-06  9.94e-05   -1.930658e+00   3.099830e-02

After 4 iterations the fit converged.
final sum of squares of residuals : 0.0330952
rel. change during last iteration : -5.4587e-11

degrees of freedom    (FIT_NDF)                        : 16
rms of residuals      (FIT_STDFIT) = sqrt(WSSR/ndf)    : 0.0454802
variance of residuals (reduced chisquare) = WSSR/ndf   : 0.00206845

Final set of parameters            Asymptotic Standard Error
=======================            ==========================
a1              = -1.93066         +/- 0.039        (2.02%)
b1              = 0.0309983        +/- 0.03854      (124.3%)

correlation matrix of the fit parameters:
                a1     b1     
a1              1.000 
b1             -0.961  1.000 


*******************************************************************************
Tue Feb 18 02:11:08 2020


FIT:    data read from "eigen_tridiagonal_class.dat" using ($3):($4)
        format = x:z
        x range restricted to [0.300000 : 2.00000]
        #datapoints = 6
        residuals are weighted equally (unit weight)

function used for fitting: f1(x)
	f1(x) = a1*x + b1
fitted parameters initialized with current variable values

iter      chisq       delta/lim  lambda   a1            b1           
   0 1.2013193433e+02   0.00e+00  1.09e+00    1.000000e+00   1.000000e+00
   4 1.1327604312e-01  -4.22e-06  1.09e-04   -2.216769e+00   2.337040e-01

After 4 iterations the fit converged.
final sum of squares of residuals : 0.113276
rel. change during last iteration : -4.2198e-11

degrees of freedom    (FIT_NDF)                        : 4
rms of residuals      (FIT_STDFIT) = sqrt(WSSR/ndf)    : 0.168283
variance of residuals (reduced chisquare) = WSSR/ndf   : 0.028319

Final set of parameters            Asymptotic Standard Error
=======================            ==========================
a1              = -2.21677         +/- 0.1336       (6.028%)
b1              = 0.233704         +/- 0.1567       (67.03%)

correlation matrix of the fit parameters:
                a1     b1     
a1              1.000 
b1             -0.899  1.000 
