

*******************************************************************************
Fri Feb  7 10:47:26 2020


FIT:    data read from "sum_up_down.dat" using ($1):($3)
        format = x:z
        x range restricted to [0.900000 : 7.10000]
BREAK: No data to fit

*******************************************************************************
Fri Feb  7 10:48:11 2020


FIT:    data read from "sum_up_down.dat" using ($2):($3)
        format = x:z
        x range restricted to [0.900000 : 7.10000]
        #datapoints = 17
        residuals are weighted equally (unit weight)

function used for fitting: f1(x)
	f1(x) = a1*x + b1
fitted parameters initialized with current variable values

iter      chisq       delta/lim  lambda   a1            b1           
   0 5.1851151209e+02   0.00e+00  2.72e+00    1.000000e+00   1.000000e+00
   4 4.0560161057e-02  -2.62e-04  2.72e-04   -1.434795e-01  -3.615083e-01

After 4 iterations the fit converged.
final sum of squares of residuals : 0.0405602
rel. change during last iteration : -2.61638e-09

degrees of freedom    (FIT_NDF)                        : 15
rms of residuals      (FIT_STDFIT) = sqrt(WSSR/ndf)    : 0.0520001
variance of residuals (reduced chisquare) = WSSR/ndf   : 0.00270401

Final set of parameters            Asymptotic Standard Error
=======================            ==========================
a1              = -0.14348         +/- 0.008552     (5.96%)
b1              = -0.361508        +/- 0.03176      (8.785%)

correlation matrix of the fit parameters:
                a1     b1     
a1              1.000 
b1             -0.918  1.000 


*******************************************************************************
Fri Feb  7 10:49:57 2020


FIT:    data read from "sum_up_down.dat" using ($2):($3)
        format = x:z
        x range restricted to [2.50000 : 6.00000]
        #datapoints = 12
        residuals are weighted equally (unit weight)

function used for fitting: f1(x)
	f1(x) = a1*x + b1
fitted parameters initialized with current variable values

iter      chisq       delta/lim  lambda   a1            b1           
   0 4.6695547385e+02   0.00e+00  3.11e+00    1.000000e+00   1.000000e+00
   5 2.2982901242e-03  -1.32e-10  3.11e-05   -1.068113e-01  -5.258217e-01

After 5 iterations the fit converged.
final sum of squares of residuals : 0.00229829
rel. change during last iteration : -1.32088e-15

degrees of freedom    (FIT_NDF)                        : 10
rms of residuals      (FIT_STDFIT) = sqrt(WSSR/ndf)    : 0.0151601
variance of residuals (reduced chisquare) = WSSR/ndf   : 0.000229829

Final set of parameters            Asymptotic Standard Error
=======================            ==========================
a1              = -0.106811        +/- 0.004211     (3.943%)
b1              = -0.525822        +/- 0.01806      (3.435%)

correlation matrix of the fit parameters:
                a1     b1     
a1              1.000 
b1             -0.970  1.000 


*******************************************************************************
Fri Feb  7 10:50:50 2020


FIT:    data read from "sum_up_down.dat" using ($2):($3)
        format = x:z
        x range restricted to [2.50000 : 6.00000]
        #datapoints = 12
        residuals are weighted equally (unit weight)

function used for fitting: f1(x)
	f1(x) = a1*x + b1
fitted parameters initialized with current variable values

iter      chisq       delta/lim  lambda   a1            b1           
   0 4.6695547385e+02   0.00e+00  3.11e+00    1.000000e+00   1.000000e+00
   5 2.2982901242e-03  -1.32e-10  3.11e-05   -1.068113e-01  -5.258217e-01

After 5 iterations the fit converged.
final sum of squares of residuals : 0.00229829
rel. change during last iteration : -1.32088e-15

degrees of freedom    (FIT_NDF)                        : 10
rms of residuals      (FIT_STDFIT) = sqrt(WSSR/ndf)    : 0.0151601
variance of residuals (reduced chisquare) = WSSR/ndf   : 0.000229829

Final set of parameters            Asymptotic Standard Error
=======================            ==========================
a1              = -0.106811        +/- 0.004211     (3.943%)
b1              = -0.525822        +/- 0.01806      (3.435%)

correlation matrix of the fit parameters:
                a1     b1     
a1              1.000 
b1             -0.970  1.000 


*******************************************************************************
Fri Feb  7 12:18:36 2020


FIT:    data read from "sum_up_down.dat" using ($2):($3)
        format = x:z
        x range restricted to [2.50000 : 6.00000]
        #datapoints = 4
        residuals are weighted equally (unit weight)

function used for fitting: f1(x)
	f1(x) = a1*x + b1
fitted parameters initialized with current variable values

iter      chisq       delta/lim  lambda   a1            b1           
   0 4.2043287306e+02   0.00e+00  3.35e+00    1.000000e+00   1.000000e+00
   5 8.7222066964e-01  -2.16e-08  3.35e-05    1.213793e+00  -1.020087e+01

After 5 iterations the fit converged.
final sum of squares of residuals : 0.872221
rel. change during last iteration : -2.15751e-13

degrees of freedom    (FIT_NDF)                        : 2
rms of residuals      (FIT_STDFIT) = sqrt(WSSR/ndf)    : 0.660387
variance of residuals (reduced chisquare) = WSSR/ndf   : 0.43611

Final set of parameters            Asymptotic Standard Error
=======================            ==========================
a1              = 1.21379          +/- 0.2953       (24.33%)
b1              = -10.2009         +/- 1.369        (13.42%)

correlation matrix of the fit parameters:
                a1     b1     
a1              1.000 
b1             -0.970  1.000 


*******************************************************************************
Fri Feb  7 12:20:40 2020


FIT:    data read from "sum_up_down.dat" using ($2):($3)
        format = x:z
        x range restricted to [2.00000 : 8.00000]
        #datapoints = 7
        residuals are weighted equally (unit weight)

function used for fitting: f1(x)
	f1(x) = a1*x + b1
fitted parameters initialized with current variable values

iter      chisq       delta/lim  lambda   a1            b1           
   0 6.9208696984e+02   0.00e+00  3.87e+00    1.000000e+00   1.000000e+00
   4 1.8392958696e+00  -2.38e-01  3.87e-04    1.123399e+00  -9.544024e+00

After 4 iterations the fit converged.
final sum of squares of residuals : 1.8393
rel. change during last iteration : -2.37545e-06

degrees of freedom    (FIT_NDF)                        : 5
rms of residuals      (FIT_STDFIT) = sqrt(WSSR/ndf)    : 0.606514
variance of residuals (reduced chisquare) = WSSR/ndf   : 0.367859

Final set of parameters            Asymptotic Standard Error
=======================            ==========================
a1              = 1.1234           +/- 0.1146       (10.2%)
b1              = -9.54402         +/- 0.6172       (6.467%)

correlation matrix of the fit parameters:
                a1     b1     
a1              1.000 
b1             -0.928  1.000 


*******************************************************************************
Fri Feb  7 12:21:18 2020


FIT:    data read from "sum_up_down.dat" using ($2):($3)
        format = x:z
        x range restricted to [2.00000 : 7.00000]
        #datapoints = 6
        residuals are weighted equally (unit weight)

function used for fitting: f1(x)
	f1(x) = a1*x + b1
fitted parameters initialized with current variable values

iter      chisq       delta/lim  lambda   a1            b1           
   0 5.9797516736e+02   0.00e+00  3.48e+00    1.000000e+00   1.000000e+00
   4 1.8004313294e+00  -2.20e-01  3.48e-04    1.152258e+00  -9.649839e+00

After 4 iterations the fit converged.
final sum of squares of residuals : 1.80043
rel. change during last iteration : -2.20063e-06

degrees of freedom    (FIT_NDF)                        : 4
rms of residuals      (FIT_STDFIT) = sqrt(WSSR/ndf)    : 0.670901
variance of residuals (reduced chisquare) = WSSR/ndf   : 0.450108

Final set of parameters            Asymptotic Standard Error
=======================            ==========================
a1              = 1.15226          +/- 0.1604       (13.92%)
b1              = -9.64984         +/- 0.7719       (7.999%)

correlation matrix of the fit parameters:
                a1     b1     
a1              1.000 
b1             -0.935  1.000 


*******************************************************************************
Fri Feb  7 13:18:44 2020


FIT:    data read from "sum_up_down.dat" using ($2):($3)
        format = x:z
        x range restricted to [2.00000 : 7.00000]
        #datapoints = 6
        residuals are weighted equally (unit weight)

function used for fitting: f1(x)
	f1(x) = a1*x + b1
fitted parameters initialized with current variable values

iter      chisq       delta/lim  lambda   a1            b1           
   0 5.9797516736e+02   0.00e+00  3.48e+00    1.000000e+00   1.000000e+00
   4 1.8004313294e+00  -2.20e-01  3.48e-04    1.152258e+00  -9.649839e+00

After 4 iterations the fit converged.
final sum of squares of residuals : 1.80043
rel. change during last iteration : -2.20063e-06

degrees of freedom    (FIT_NDF)                        : 4
rms of residuals      (FIT_STDFIT) = sqrt(WSSR/ndf)    : 0.670901
variance of residuals (reduced chisquare) = WSSR/ndf   : 0.450108

Final set of parameters            Asymptotic Standard Error
=======================            ==========================
a1              = 1.15226          +/- 0.1604       (13.92%)
b1              = -9.64984         +/- 0.7719       (7.999%)

correlation matrix of the fit parameters:
                a1     b1     
a1              1.000 
b1             -0.935  1.000 
